This file contains any messages produced by compilers while
running configure, to aid debugging if configure makes a mistake.

It was created by xapian-core configure 1.4.0, which was
generated by GNU Autoconf 2.69.  Invocation command line was

  $ ./configure --enable-static

## --------- ##
## Platform. ##
## --------- ##

hostname = alpine151
uname -m = armv7l
uname -r = 3.10.20-al-5.0-pr2_sa
uname -s = Linux
uname -v = #1 SMP Fri May 15 16:49:15 CST 2015

/usr/bin/uname -p = unknown
/bin/uname -X     = unknown

/bin/arch              = unknown
/usr/bin/arch -k       = unknown
/usr/convex/getsysinfo = unknown
/usr/bin/hostinfo      = unknown
/bin/machine           = unknown
/usr/bin/oslevel       = unknown
/bin/universe          = unknown

PATH: /home/rhino/gcc/bin
PATH: /home/rhino/jdk1.8.0_101/bin
PATH: /usr/local/bin
PATH: /usr/bin
PATH: /bin
PATH: /usr/local/games
PATH: /usr/games
PATH: /home/rhino/apache-ant-1.9.6/bin
PATH: /home/rhino/node-v4.2.2-linux-armv6l/bin
PATH: /home/rhino/watchdog
PATH: /home/rhino/monitor
PATH: /home/rhino/storage/sbin


## ----------- ##
## Core tests. ##
## ----------- ##

configure:2941: checking for a BSD-compatible install
configure:3009: result: /usr/bin/install -c
configure:3020: checking whether build environment is sane
configure:3075: result: yes
configure:3226: checking for a thread-safe mkdir -p
configure:3265: result: /bin/mkdir -p
configure:3272: checking for gawk
configure:3288: found /usr/bin/gawk
configure:3299: result: gawk
configure:3310: checking whether make sets $(MAKE)
configure:3332: result: yes
configure:3361: checking whether make supports nested variables
configure:3378: result: yes
configure:3467: checking whether UID '1001' is supported by ustar format
configure:3470: result: yes
configure:3477: checking whether GID '1001' is supported by ustar format
configure:3480: result: yes
configure:3488: checking how to create a ustar tar archive
configure:3499: tar --version
tar (GNU tar) 1.27.1
Copyright (C) 2013 Free Software Foundation, Inc.
License GPLv3+: GNU GPL version 3 or later <http://gnu.org/licenses/gpl.html>.
This is free software: you are free to change and redistribute it.
There is NO WARRANTY, to the extent permitted by law.

Written by John Gilmore and Jay Fenlason.
configure:3502: $? = 0
configure:3542: tardir=conftest.dir && eval tar --format=ustar -chf - "$tardir" >conftest.tar
configure:3545: $? = 0
configure:3549: tar -xf - <conftest.tar
configure:3552: $? = 0
configure:3554: cat conftest.dir/file
GrepMe
configure:3557: $? = 0
configure:3570: result: gnutar
configure:3656: checking build system type
configure:3670: result: armv7l-unknown-linux-gnueabihf
configure:3690: checking host system type
configure:3703: result: armv7l-unknown-linux-gnueabihf
configure:3744: checking how to print strings
configure:3771: result: printf
configure:3804: checking for style of include used by make
configure:3832: result: GNU
configure:3903: checking for gcc
configure:3919: found /home/rhino/gcc/bin/gcc
configure:3930: result: gcc
configure:4159: checking for C compiler version
configure:4168: gcc --version >&5
gcc (GCC) 5.4.0
Copyright (C) 2015 Free Software Foundation, Inc.
This is free software; see the source for copying conditions.  There is NO
warranty; not even for MERCHANTABILITY or FITNESS FOR A PARTICULAR PURPOSE.

configure:4179: $? = 0
configure:4168: gcc -v >&5
Using built-in specs.
COLLECT_GCC=gcc
COLLECT_LTO_WRAPPER=/home/rhino/gcc/libexec/gcc/arm-linux-gnueabihf/5.4.0/lto-wrapper
Target: arm-linux-gnueabihf
Configured with: ./configure --prefix=/home/rhino/gcc --with-gmp-include=/home/rhino/gcc/include --with-gmp-lib=/home/rhino/gcc/lib --with-mpfr-include=/home/rhino/gcc/include --with-mpfr-lib=/home/rhino/gcc/lib --with-mpc-include=/home/rhino/gcc/include --with-mpc-lib=/home/rhino/gcc/lib --enable-languages=c,c++ --enable-threads=posix --disable-multilib --enable-ld=yes --with-arch-directory=arm --with-arch=armv7-a --with-fpu=vfpv3-d16 --with-float=hard --with-mode=thumb --enable-checking=release --build=arm-linux-gnueabihf --host=arm-linux-gnueabihf --target=arm-linux-gnueabihf
Thread model: posix
gcc version 5.4.0 (GCC) 
configure:4179: $? = 0
configure:4168: gcc -V >&5
gcc: error: unrecognized command line option '-V'
gcc: fatal error: no input files
compilation terminated.
configure:4179: $? = 1
configure:4168: gcc -qversion >&5
gcc: error: unrecognized command line option '-qversion'
gcc: fatal error: no input files
compilation terminated.
configure:4179: $? = 1
configure:4199: checking whether the C compiler works
configure:4221: gcc    conftest.c  >&5
configure:4225: $? = 0
configure:4273: result: yes
configure:4276: checking for C compiler default output file name
configure:4278: result: a.out
configure:4284: checking for suffix of executables
configure:4291: gcc -o conftest    conftest.c  >&5
configure:4295: $? = 0
configure:4317: result: 
configure:4339: checking whether we are cross compiling
configure:4347: gcc -o conftest    conftest.c  >&5
configure:4351: $? = 0
configure:4358: ./conftest
configure:4362: $? = 0
configure:4377: result: no
configure:4382: checking for suffix of object files
configure:4404: gcc -c   conftest.c >&5
configure:4408: $? = 0
configure:4429: result: o
configure:4433: checking whether we are using the GNU C compiler
configure:4452: gcc -c   conftest.c >&5
configure:4452: $? = 0
configure:4461: result: yes
configure:4470: checking whether gcc accepts -g
configure:4490: gcc -c -g  conftest.c >&5
configure:4490: $? = 0
configure:4531: result: yes
configure:4548: checking for gcc option to accept ISO C89
configure:4611: gcc  -c -g -O2  conftest.c >&5
configure:4611: $? = 0
configure:4624: result: none needed
configure:4649: checking whether gcc understands -c and -o together
configure:4671: gcc -c conftest.c -o conftest2.o
configure:4674: $? = 0
configure:4671: gcc -c conftest.c -o conftest2.o
configure:4674: $? = 0
configure:4686: result: yes
configure:4705: checking dependency style of gcc
configure:4816: result: gcc3
configure:4831: checking for a sed that does not truncate output
configure:4895: result: /bin/sed
configure:4913: checking for grep that handles long lines and -e
configure:4971: result: /bin/grep
configure:4976: checking for egrep
configure:5038: result: /bin/grep -E
configure:5043: checking for fgrep
configure:5105: result: /bin/grep -F
configure:5140: checking for ld used by gcc
configure:5207: result: /usr/bin/ld
configure:5214: checking if the linker (/usr/bin/ld) is GNU ld
configure:5229: result: yes
configure:5241: checking for BSD- or MS-compatible name lister (nm)
configure:5295: result: /usr/bin/nm -B
configure:5425: checking the name lister (/usr/bin/nm -B) interface
configure:5432: gcc -c -g -O2  conftest.c >&5
configure:5435: /usr/bin/nm -B "conftest.o"
configure:5438: output
00000000 B some_variable
configure:5445: result: BSD nm
configure:5448: checking whether ln -s works
configure:5452: result: yes
configure:5460: checking the maximum length of command line arguments
configure:5591: result: 1572864
configure:5639: checking how to convert armv7l-unknown-linux-gnueabihf file names to armv7l-unknown-linux-gnueabihf format
configure:5679: result: func_convert_file_noop
configure:5686: checking how to convert armv7l-unknown-linux-gnueabihf file names to toolchain format
configure:5706: result: func_convert_file_noop
configure:5713: checking for /usr/bin/ld option to reload object files
configure:5720: result: -r
configure:5794: checking for objdump
configure:5810: found /usr/bin/objdump
configure:5821: result: objdump
configure:5853: checking how to recognize dependent libraries
configure:6053: result: pass_all
configure:6138: checking for dlltool
configure:6168: result: no
configure:6198: checking how to associate runtime and link libraries
configure:6225: result: printf %s\n
configure:6286: checking for ar
configure:6302: found /usr/bin/ar
configure:6313: result: ar
configure:6350: checking for archiver @FILE support
configure:6367: gcc -c -g -O2  conftest.c >&5
configure:6367: $? = 0
configure:6370: ar cru libconftest.a @conftest.lst >&5
configure:6373: $? = 0
configure:6378: ar cru libconftest.a @conftest.lst >&5
ar: conftest.o: No such file or directory
configure:6381: $? = 1
configure:6393: result: @
configure:6451: checking for strip
configure:6467: found /usr/bin/strip
configure:6478: result: strip
configure:6550: checking for ranlib
configure:6566: found /usr/bin/ranlib
configure:6577: result: ranlib
configure:6679: checking command to parse /usr/bin/nm -B output from gcc object
configure:6832: gcc -c -g -O2  conftest.c >&5
configure:6835: $? = 0
configure:6839: /usr/bin/nm -B conftest.o \| sed -n -e 's/^.*[ ]\([ABCDGIRSTW][ABCDGIRSTW]*\)[ ][ ]*\([_A-Za-z][_A-Za-z0-9]*\)$/\1 \2 \2/p' | sed '/ __gnu_lto/d' \> conftest.nm
configure:6842: $? = 0
configure:6908: gcc -o conftest -g -O2   conftest.c conftstm.o >&5
configure:6911: $? = 0
configure:6949: result: ok
configure:6996: checking for sysroot
configure:7026: result: no
configure:7033: checking for a working dd
configure:7071: result: /bin/dd
configure:7075: checking how to truncate binary pipes
configure:7090: result: /bin/dd bs=4096 count=1
configure:7419: checking for mt
configure:7435: found /bin/mt
configure:7446: result: mt
configure:7469: checking if mt is a manifest tool
configure:7475: mt '-?'
configure:7483: result: no
configure:8160: checking how to run the C preprocessor
configure:8191: gcc -E  conftest.c
configure:8191: $? = 0
configure:8205: gcc -E  conftest.c
conftest.c:11:28: fatal error: ac_nonexistent.h: No such file or directory
compilation terminated.
configure:8205: $? = 1
configure: failed program was:
| /* confdefs.h */
| #define PACKAGE_NAME "xapian-core"
| #define PACKAGE_TARNAME "xapian-core"
| #define PACKAGE_VERSION "1.4.0"
| #define PACKAGE_STRING "xapian-core 1.4.0"
| #define PACKAGE_BUGREPORT "https://xapian.org/bugs"
| #define PACKAGE_URL ""
| #define PACKAGE "xapian-core"
| #define VERSION "1.4.0"
| /* end confdefs.h.  */
| #include <ac_nonexistent.h>
configure:8230: result: gcc -E
configure:8250: gcc -E  conftest.c
configure:8250: $? = 0
configure:8264: gcc -E  conftest.c
conftest.c:11:28: fatal error: ac_nonexistent.h: No such file or directory
compilation terminated.
configure:8264: $? = 1
configure: failed program was:
| /* confdefs.h */
| #define PACKAGE_NAME "xapian-core"
| #define PACKAGE_TARNAME "xapian-core"
| #define PACKAGE_VERSION "1.4.0"
| #define PACKAGE_STRING "xapian-core 1.4.0"
| #define PACKAGE_BUGREPORT "https://xapian.org/bugs"
| #define PACKAGE_URL ""
| #define PACKAGE "xapian-core"
| #define VERSION "1.4.0"
| /* end confdefs.h.  */
| #include <ac_nonexistent.h>
configure:8293: checking for ANSI C header files
configure:8313: gcc -c -g -O2  conftest.c >&5
configure:8313: $? = 0
configure:8386: gcc -o conftest -g -O2   conftest.c  >&5
configure:8386: $? = 0
configure:8386: ./conftest
configure:8386: $? = 0
configure:8397: result: yes
configure:8410: checking for sys/types.h
configure:8410: gcc -c -g -O2  conftest.c >&5
configure:8410: $? = 0
configure:8410: result: yes
configure:8410: checking for sys/stat.h
configure:8410: gcc -c -g -O2  conftest.c >&5
configure:8410: $? = 0
configure:8410: result: yes
configure:8410: checking for stdlib.h
configure:8410: gcc -c -g -O2  conftest.c >&5
configure:8410: $? = 0
configure:8410: result: yes
configure:8410: checking for string.h
configure:8410: gcc -c -g -O2  conftest.c >&5
configure:8410: $? = 0
configure:8410: result: yes
configure:8410: checking for memory.h
configure:8410: gcc -c -g -O2  conftest.c >&5
configure:8410: $? = 0
configure:8410: result: yes
configure:8410: checking for strings.h
configure:8410: gcc -c -g -O2  conftest.c >&5
configure:8410: $? = 0
configure:8410: result: yes
configure:8410: checking for inttypes.h
configure:8410: gcc -c -g -O2  conftest.c >&5
configure:8410: $? = 0
configure:8410: result: yes
configure:8410: checking for stdint.h
configure:8410: gcc -c -g -O2  conftest.c >&5
configure:8410: $? = 0
configure:8410: result: yes
configure:8410: checking for unistd.h
configure:8410: gcc -c -g -O2  conftest.c >&5
configure:8410: $? = 0
configure:8410: result: yes
configure:8424: checking for dlfcn.h
configure:8424: gcc -c -g -O2  conftest.c >&5
configure:8424: $? = 0
configure:8424: result: yes
configure:8679: checking for objdir
configure:8694: result: .libs
configure:8958: checking if gcc supports -fno-rtti -fno-exceptions
configure:8976: gcc -c -g -O2  -fno-rtti -fno-exceptions conftest.c >&5
cc1: warning: command line option '-fno-rtti' is valid for C++/ObjC++ but not for C
configure:8980: $? = 0
configure:8993: result: no
configure:9351: checking for gcc option to produce PIC
configure:9358: result: -fPIC -DPIC
configure:9366: checking if gcc PIC flag -fPIC -DPIC works
configure:9384: gcc -c -g -O2  -fPIC -DPIC -DPIC conftest.c >&5
configure:9388: $? = 0
configure:9401: result: yes
configure:9430: checking if gcc static flag -static works
configure:9458: result: yes
configure:9473: checking if gcc supports -c -o file.o
configure:9494: gcc -c -g -O2  -o out/conftest2.o conftest.c >&5
configure:9498: $? = 0
configure:9520: result: yes
configure:9528: checking if gcc supports -c -o file.o
configure:9575: result: yes
configure:9608: checking whether the gcc linker (/usr/bin/ld) supports shared libraries
configure:10867: result: yes
configure:10904: checking whether -lc should be explicitly linked in
configure:10912: gcc -c -g -O2  conftest.c >&5
configure:10915: $? = 0
configure:10930: gcc -shared  -fPIC -DPIC conftest.o  -v -Wl,-soname -Wl,conftest -o conftest 2\>\&1 \| /bin/grep  -lc  \>/dev/null 2\>\&1
configure:10933: $? = 0
configure:10947: result: no
configure:11107: checking dynamic linker characteristics
configure:11688: gcc -o conftest -g -O2   -Wl,-rpath -Wl,/foo conftest.c  >&5
configure:11688: $? = 0
configure:11925: result: GNU/Linux ld.so
configure:12047: checking how to hardcode library paths into programs
configure:12072: result: immediate
configure:12620: checking whether stripping libraries is possible
configure:12625: result: yes
configure:12660: checking if libtool supports shared libraries
configure:12662: result: yes
configure:12665: checking whether to build shared libraries
configure:12690: result: yes
configure:12693: checking whether to build static libraries
configure:12697: result: yes
configure:12762: checking whether to enable maintainer-specific portions of Makefiles
configure:12771: result: no
configure:12843: checking for g++
configure:12859: found /home/rhino/gcc/bin/g++
configure:12870: result: g++
configure:12897: checking for C++ compiler version
configure:12906: g++ --version >&5
g++ (GCC) 5.4.0
Copyright (C) 2015 Free Software Foundation, Inc.
This is free software; see the source for copying conditions.  There is NO
warranty; not even for MERCHANTABILITY or FITNESS FOR A PARTICULAR PURPOSE.

configure:12917: $? = 0
configure:12906: g++ -v >&5
Using built-in specs.
COLLECT_GCC=g++
COLLECT_LTO_WRAPPER=/home/rhino/gcc/libexec/gcc/arm-linux-gnueabihf/5.4.0/lto-wrapper
Target: arm-linux-gnueabihf
Configured with: ./configure --prefix=/home/rhino/gcc --with-gmp-include=/home/rhino/gcc/include --with-gmp-lib=/home/rhino/gcc/lib --with-mpfr-include=/home/rhino/gcc/include --with-mpfr-lib=/home/rhino/gcc/lib --with-mpc-include=/home/rhino/gcc/include --with-mpc-lib=/home/rhino/gcc/lib --enable-languages=c,c++ --enable-threads=posix --disable-multilib --enable-ld=yes --with-arch-directory=arm --with-arch=armv7-a --with-fpu=vfpv3-d16 --with-float=hard --with-mode=thumb --enable-checking=release --build=arm-linux-gnueabihf --host=arm-linux-gnueabihf --target=arm-linux-gnueabihf
Thread model: posix
gcc version 5.4.0 (GCC) 
configure:12917: $? = 0
configure:12906: g++ -V >&5
g++: error: unrecognized command line option '-V'
g++: fatal error: no input files
compilation terminated.
configure:12917: $? = 1
configure:12906: g++ -qversion >&5
g++: error: unrecognized command line option '-qversion'
g++: fatal error: no input files
compilation terminated.
configure:12917: $? = 1
configure:12921: checking whether we are using the GNU C++ compiler
configure:12940: g++ -c   conftest.cpp >&5
configure:12940: $? = 0
configure:12949: result: yes
configure:12958: checking whether g++ accepts -g
configure:12978: g++ -c -g  conftest.cpp >&5
configure:12978: $? = 0
configure:13019: result: yes
configure:13044: checking dependency style of g++
configure:13155: result: gcc3
configure:13188: checking how to run the C++ preprocessor
configure:13215: g++ -E  conftest.cpp
configure:13215: $? = 0
configure:13229: g++ -E  conftest.cpp
conftest.cpp:23:28: fatal error: ac_nonexistent.h: No such file or directory
compilation terminated.
configure:13229: $? = 1
configure: failed program was:
| /* confdefs.h */
| #define PACKAGE_NAME "xapian-core"
| #define PACKAGE_TARNAME "xapian-core"
| #define PACKAGE_VERSION "1.4.0"
| #define PACKAGE_STRING "xapian-core 1.4.0"
| #define PACKAGE_BUGREPORT "https://xapian.org/bugs"
| #define PACKAGE_URL ""
| #define PACKAGE "xapian-core"
| #define VERSION "1.4.0"
| #define STDC_HEADERS 1
| #define HAVE_SYS_TYPES_H 1
| #define HAVE_SYS_STAT_H 1
| #define HAVE_STDLIB_H 1
| #define HAVE_STRING_H 1
| #define HAVE_MEMORY_H 1
| #define HAVE_STRINGS_H 1
| #define HAVE_INTTYPES_H 1
| #define HAVE_STDINT_H 1
| #define HAVE_UNISTD_H 1
| #define HAVE_DLFCN_H 1
| #define LT_OBJDIR ".libs/"
| /* end confdefs.h.  */
| #include <ac_nonexistent.h>
configure:13254: result: g++ -E
configure:13274: g++ -E  conftest.cpp
configure:13274: $? = 0
configure:13288: g++ -E  conftest.cpp
conftest.cpp:23:28: fatal error: ac_nonexistent.h: No such file or directory
compilation terminated.
configure:13288: $? = 1
configure: failed program was:
| /* confdefs.h */
| #define PACKAGE_NAME "xapian-core"
| #define PACKAGE_TARNAME "xapian-core"
| #define PACKAGE_VERSION "1.4.0"
| #define PACKAGE_STRING "xapian-core 1.4.0"
| #define PACKAGE_BUGREPORT "https://xapian.org/bugs"
| #define PACKAGE_URL ""
| #define PACKAGE "xapian-core"
| #define VERSION "1.4.0"
| #define STDC_HEADERS 1
| #define HAVE_SYS_TYPES_H 1
| #define HAVE_SYS_STAT_H 1
| #define HAVE_STDLIB_H 1
| #define HAVE_STRING_H 1
| #define HAVE_MEMORY_H 1
| #define HAVE_STRINGS_H 1
| #define HAVE_INTTYPES_H 1
| #define HAVE_STDINT_H 1
| #define HAVE_UNISTD_H 1
| #define HAVE_DLFCN_H 1
| #define LT_OBJDIR ".libs/"
| /* end confdefs.h.  */
| #include <ac_nonexistent.h>
configure:13450: checking for ld used by g++
configure:13517: result: /usr/bin/ld
configure:13524: checking if the linker (/usr/bin/ld) is GNU ld
configure:13539: result: yes
configure:13594: checking whether the g++ linker (/usr/bin/ld) supports shared libraries
configure:14667: result: yes
configure:14703: g++ -c -g -O2  conftest.cpp >&5
configure:14706: $? = 0
configure:15187: checking for g++ option to produce PIC
configure:15194: result: -fPIC -DPIC
configure:15202: checking if g++ PIC flag -fPIC -DPIC works
configure:15220: g++ -c -g -O2  -fPIC -DPIC -DPIC conftest.cpp >&5
configure:15224: $? = 0
configure:15237: result: yes
configure:15260: checking if g++ static flag -static works
configure:15288: result: yes
configure:15300: checking if g++ supports -c -o file.o
configure:15321: g++ -c -g -O2  -o out/conftest2.o conftest.cpp >&5
configure:15325: $? = 0
configure:15347: result: yes
configure:15352: checking if g++ supports -c -o file.o
configure:15399: result: yes
configure:15429: checking whether the g++ linker (/usr/bin/ld) supports shared libraries
configure:15469: result: yes
configure:15610: checking dynamic linker characteristics
configure:16355: result: GNU/Linux ld.so
configure:16420: checking how to hardcode library paths into programs
configure:16445: result: immediate
/sbin/ldconfig.real: Path `/lib/arm-linux-gnueabihf' given more than once
/sbin/ldconfig.real: Path `/usr/lib/arm-linux-gnueabihf' given more than once
/sbin/ldconfig.real: /lib/arm-linux-gnueabihf/ld-2.19.so is the dynamic linker, ignoring

configure:16517: checking whether g++ is a working C++ compiler
configure:16547: g++ -o conftest -g -O2   conftest.cpp  >&5
configure:16547: $? = 0
configure:16547: ./conftest
configure:16547: $? = 0
configure:16559: result: yes
configure:16594: checking whether g++ supports C++11 features by default
configure:16651: g++ -c -g -O2  conftest.cpp >&5
conftest.cpp:27:21: error: expected identifier before 'sizeof'
       static_assert(sizeof(int) <= sizeof(T), "not big enough");
                     ^
conftest.cpp:27:21: error: expected ',' or '...' before 'sizeof'
conftest.cpp:27:63: error: ISO C++ forbids declaration of 'static_assert' with no type [-fpermissive]
       static_assert(sizeof(int) <= sizeof(T), "not big enough");
                                                               ^
conftest.cpp:34:20: warning: override controls (override/final) only available with -std=c++11 or -std=gnu++11
     virtual void f() override {}
                    ^
conftest.cpp:37:29: error: '>>' should be '> >' within a nested template argument list
     typedef check<check<bool>> right_angle_brackets;
                             ^
conftest.cpp:40:13: error: expected constructor, destructor, or type conversion before '(' token
     decltype(a) b;
             ^
conftest.cpp:44:15: error: expected unqualified-id before '&&' token
     check_type&& cr = static_cast<check_type&&>(c);
               ^
conftest.cpp:46:10: error: 'd' does not name a type
     auto d = a;
          ^
conftest.cpp:47:10: error: 'l' does not name a type
     auto l = [](){};
          ^
conftest.cpp: In constructor 'use_l::use_l()':
conftest.cpp:49:32: error: 'l' was not declared in this scope
     struct use_l { use_l() { l(); } };
                                ^
conftest.cpp: At global scope:
conftest.cpp:57:9: error: expected unqualified-id before 'using'
         using member = typename T::member_type;
         ^
conftest.cpp:63:19: error: variable or field 'func' declared void
         void func(member<T>*) {}
                   ^
conftest.cpp:63:19: error: 'member' was not declared in this scope
conftest.cpp:63:27: error: expected primary-expression before '>' token
         void func(member<T>*) {}
                           ^
conftest.cpp:63:29: error: expected primary-expression before ')' token
         void func(member<T>*) {}
                             ^
configure:16651: $? = 1
configure: failed program was:
| /* confdefs.h */
| #define PACKAGE_NAME "xapian-core"
| #define PACKAGE_TARNAME "xapian-core"
| #define PACKAGE_VERSION "1.4.0"
| #define PACKAGE_STRING "xapian-core 1.4.0"
| #define PACKAGE_BUGREPORT "https://xapian.org/bugs"
| #define PACKAGE_URL ""
| #define PACKAGE "xapian-core"
| #define VERSION "1.4.0"
| #define STDC_HEADERS 1
| #define HAVE_SYS_TYPES_H 1
| #define HAVE_SYS_STAT_H 1
| #define HAVE_STDLIB_H 1
| #define HAVE_STRING_H 1
| #define HAVE_MEMORY_H 1
| #define HAVE_STRINGS_H 1
| #define HAVE_INTTYPES_H 1
| #define HAVE_STDINT_H 1
| #define HAVE_UNISTD_H 1
| #define HAVE_DLFCN_H 1
| #define LT_OBJDIR ".libs/"
| /* end confdefs.h.  */
| 
|   template <typename T>
|     struct check
|     {
|       static_assert(sizeof(int) <= sizeof(T), "not big enough");
|     };
| 
|     struct Base {
|     virtual void f() {}
|     };
|     struct Child : public Base {
|     virtual void f() override {}
|     };
| 
|     typedef check<check<bool>> right_angle_brackets;
| 
|     int a;
|     decltype(a) b;
| 
|     typedef check<int> check_type;
|     check_type c;
|     check_type&& cr = static_cast<check_type&&>(c);
| 
|     auto d = a;
|     auto l = [](){};
|     // Prevent Clang error: unused variable 'l' [-Werror,-Wunused-variable]
|     struct use_l { use_l() { l(); } };
| 
|     // http://stackoverflow.com/questions/13728184/template-aliases-and-sfinae
|     // Clang 3.1 fails with headers of libstd++ 4.8.3 when using std::function because of this
|     namespace test_template_alias_sfinae {
|         struct foo {};
| 
|         template<typename T>
|         using member = typename T::member_type;
| 
|         template<typename T>
|         void func(...) {}
| 
|         template<typename T>
|         void func(member<T>*) {}
| 
|         void test();
| 
|         void test() {
|             func<foo>(0);
|         }
|     }
| 
configure:16658: result: no
configure:16667: checking whether g++ supports C++11 features with -std=gnu++11
configure:16726: g++ -c -g -O2 -std=gnu++11  conftest.cpp >&5
configure:16726: $? = 0
configure:16735: result: yes
configure:16899: checking for gcc
configure:16926: result: gcc
configure:17155: checking for C compiler version
configure:17164: gcc --version >&5
gcc (GCC) 5.4.0
Copyright (C) 2015 Free Software Foundation, Inc.
This is free software; see the source for copying conditions.  There is NO
warranty; not even for MERCHANTABILITY or FITNESS FOR A PARTICULAR PURPOSE.

configure:17175: $? = 0
configure:17164: gcc -v >&5
Using built-in specs.
COLLECT_GCC=gcc
COLLECT_LTO_WRAPPER=/home/rhino/gcc/libexec/gcc/arm-linux-gnueabihf/5.4.0/lto-wrapper
Target: arm-linux-gnueabihf
Configured with: ./configure --prefix=/home/rhino/gcc --with-gmp-include=/home/rhino/gcc/include --with-gmp-lib=/home/rhino/gcc/lib --with-mpfr-include=/home/rhino/gcc/include --with-mpfr-lib=/home/rhino/gcc/lib --with-mpc-include=/home/rhino/gcc/include --with-mpc-lib=/home/rhino/gcc/lib --enable-languages=c,c++ --enable-threads=posix --disable-multilib --enable-ld=yes --with-arch-directory=arm --with-arch=armv7-a --with-fpu=vfpv3-d16 --with-float=hard --with-mode=thumb --enable-checking=release --build=arm-linux-gnueabihf --host=arm-linux-gnueabihf --target=arm-linux-gnueabihf
Thread model: posix
gcc version 5.4.0 (GCC) 
configure:17175: $? = 0
configure:17164: gcc -V >&5
gcc: error: unrecognized command line option '-V'
gcc: fatal error: no input files
compilation terminated.
configure:17175: $? = 1
configure:17164: gcc -qversion >&5
gcc: error: unrecognized command line option '-qversion'
gcc: fatal error: no input files
compilation terminated.
configure:17175: $? = 1
configure:17179: checking whether we are using the GNU C compiler
configure:17207: result: yes
configure:17216: checking whether gcc accepts -g
configure:17277: result: yes
configure:17294: checking for gcc option to accept ISO C89
configure:17370: result: none needed
configure:17395: checking whether gcc understands -c and -o together
configure:17432: result: yes
configure:17451: checking dependency style of gcc
configure:17562: result: gcc3
configure:17578: checking whether byte ordering is bigendian
configure:17593: g++ -c -g -O2 -std=gnu++11  conftest.cpp >&5
conftest.cpp:24:9: error: expected unqualified-id before 'not' token
         not a universal capable compiler
         ^
configure:17593: $? = 1
configure: failed program was:
| /* confdefs.h */
| #define PACKAGE_NAME "xapian-core"
| #define PACKAGE_TARNAME "xapian-core"
| #define PACKAGE_VERSION "1.4.0"
| #define PACKAGE_STRING "xapian-core 1.4.0"
| #define PACKAGE_BUGREPORT "https://xapian.org/bugs"
| #define PACKAGE_URL ""
| #define PACKAGE "xapian-core"
| #define VERSION "1.4.0"
| #define STDC_HEADERS 1
| #define HAVE_SYS_TYPES_H 1
| #define HAVE_SYS_STAT_H 1
| #define HAVE_STDLIB_H 1
| #define HAVE_STRING_H 1
| #define HAVE_MEMORY_H 1
| #define HAVE_STRINGS_H 1
| #define HAVE_INTTYPES_H 1
| #define HAVE_STDINT_H 1
| #define HAVE_UNISTD_H 1
| #define HAVE_DLFCN_H 1
| #define LT_OBJDIR ".libs/"
| /* end confdefs.h.  */
| #ifndef __APPLE_CC__
| 	       not a universal capable compiler
| 	     #endif
| 	     typedef int dummy;
| 
configure:17638: g++ -c -g -O2 -std=gnu++11  conftest.cpp >&5
configure:17638: $? = 0
configure:17656: g++ -c -g -O2 -std=gnu++11  conftest.cpp >&5
conftest.cpp: In function 'int main()':
conftest.cpp:30:8: error: 'big' was not declared in this scope
    not big endian
        ^
configure:17656: $? = 1
configure: failed program was:
| /* confdefs.h */
| #define PACKAGE_NAME "xapian-core"
| #define PACKAGE_TARNAME "xapian-core"
| #define PACKAGE_VERSION "1.4.0"
| #define PACKAGE_STRING "xapian-core 1.4.0"
| #define PACKAGE_BUGREPORT "https://xapian.org/bugs"
| #define PACKAGE_URL ""
| #define PACKAGE "xapian-core"
| #define VERSION "1.4.0"
| #define STDC_HEADERS 1
| #define HAVE_SYS_TYPES_H 1
| #define HAVE_SYS_STAT_H 1
| #define HAVE_STDLIB_H 1
| #define HAVE_STRING_H 1
| #define HAVE_MEMORY_H 1
| #define HAVE_STRINGS_H 1
| #define HAVE_INTTYPES_H 1
| #define HAVE_STDINT_H 1
| #define HAVE_UNISTD_H 1
| #define HAVE_DLFCN_H 1
| #define LT_OBJDIR ".libs/"
| /* end confdefs.h.  */
| #include <sys/types.h>
| 		#include <sys/param.h>
| 
| int
| main ()
| {
| #if BYTE_ORDER != BIG_ENDIAN
| 		 not big endian
| 		#endif
| 
|   ;
|   return 0;
| }
configure:17784: result: no
configure:17826: checking for special C compiler options needed for large files
configure:17871: result: no
configure:17877: checking for _FILE_OFFSET_BITS value needed for large files
configure:17902: g++ -c -g -O2 -std=gnu++11  conftest.cpp >&5
conftest.cpp:31:17: error: size of array 'off_t_is_large' is negative
         ? 1 : -1];
                 ^
configure:17902: $? = 1
configure: failed program was:
| /* confdefs.h */
| #define PACKAGE_NAME "xapian-core"
| #define PACKAGE_TARNAME "xapian-core"
| #define PACKAGE_VERSION "1.4.0"
| #define PACKAGE_STRING "xapian-core 1.4.0"
| #define PACKAGE_BUGREPORT "https://xapian.org/bugs"
| #define PACKAGE_URL ""
| #define PACKAGE "xapian-core"
| #define VERSION "1.4.0"
| #define STDC_HEADERS 1
| #define HAVE_SYS_TYPES_H 1
| #define HAVE_SYS_STAT_H 1
| #define HAVE_STDLIB_H 1
| #define HAVE_STRING_H 1
| #define HAVE_MEMORY_H 1
| #define HAVE_STRINGS_H 1
| #define HAVE_INTTYPES_H 1
| #define HAVE_STDINT_H 1
| #define HAVE_UNISTD_H 1
| #define HAVE_DLFCN_H 1
| #define LT_OBJDIR ".libs/"
| /* end confdefs.h.  */
| #include <sys/types.h>
|  /* Check that off_t can represent 2**63 - 1 correctly.
|     We can't simply define LARGE_OFF_T to be 9223372036854775807,
|     since some C++ compilers masquerading as C compilers
|     incorrectly reject 9223372036854775807.  */
| #define LARGE_OFF_T ((((off_t) 1 << 31) << 31) - 1 + (((off_t) 1 << 31) << 31))
|   int off_t_is_large[(LARGE_OFF_T % 2147483629 == 721
| 		       && LARGE_OFF_T % 2147483647 == 1)
| 		      ? 1 : -1];
| int
| main ()
| {
| 
|   ;
|   return 0;
| }
configure:17926: g++ -c -g -O2 -std=gnu++11  conftest.cpp >&5
configure:17926: $? = 0
configure:17934: result: 64
configure:18095: checking if -lm is required for maths functions
configure:18117: g++ -o conftest -g -O2 -std=gnu++11   conftest.cpp  >&5
configure:18117: $? = 0
configure:18118: result: no
configure:18153: checking whether log2 is declared
configure:18153: g++ -c -g -O2 -std=gnu++11  conftest.cpp >&5
configure:18153: $? = 0
configure:18153: result: yes
configure:18166: checking if RTTI is supported
configure:18183: g++ -c -g -O2 -std=gnu++11 -qhaltonmsg=1540-2412  conftest.cpp >&5
g++: error: unrecognized command line option '-qhaltonmsg=1540-2412'
configure:18183: $? = 1
configure: failed program was:
| /* confdefs.h */
| #define PACKAGE_NAME "xapian-core"
| #define PACKAGE_TARNAME "xapian-core"
| #define PACKAGE_VERSION "1.4.0"
| #define PACKAGE_STRING "xapian-core 1.4.0"
| #define PACKAGE_BUGREPORT "https://xapian.org/bugs"
| #define PACKAGE_URL ""
| #define PACKAGE "xapian-core"
| #define VERSION "1.4.0"
| #define STDC_HEADERS 1
| #define HAVE_SYS_TYPES_H 1
| #define HAVE_SYS_STAT_H 1
| #define HAVE_STDLIB_H 1
| #define HAVE_STRING_H 1
| #define HAVE_MEMORY_H 1
| #define HAVE_STRINGS_H 1
| #define HAVE_INTTYPES_H 1
| #define HAVE_STDINT_H 1
| #define HAVE_UNISTD_H 1
| #define HAVE_DLFCN_H 1
| #define LT_OBJDIR ".libs/"
| #define _FILE_OFFSET_BITS 64
| #define HAVE_DECL_LOG2 1
| /* end confdefs.h.  */
| 
| int
| main ()
| {
| 
|   ;
|   return 0;
| }
configure:18212: g++ -c -g -O2 -std=gnu++11  conftest.cpp >&5
configure:18212: $? = 0
configure:18213: result: yes
configure:18228: checking for clock_gettime
configure:18228: g++ -o conftest -g -O2 -std=gnu++11   conftest.cpp  >&5
configure:18228: $? = 0
configure:18228: result: yes
configure:18228: checking for sleep
configure:18228: g++ -o conftest -g -O2 -std=gnu++11   conftest.cpp  >&5
configure:18228: $? = 0
configure:18228: result: yes
configure:18228: checking for nanosleep
configure:18228: g++ -o conftest -g -O2 -std=gnu++11   conftest.cpp  >&5
configure:18228: $? = 0
configure:18228: result: yes
configure:18228: checking for gettimeofday
configure:18228: g++ -o conftest -g -O2 -std=gnu++11   conftest.cpp  >&5
configure:18228: $? = 0
configure:18228: result: yes
configure:18228: checking for ftime
configure:18228: g++ -o conftest -g -O2 -std=gnu++11   conftest.cpp  >&5
configure:18228: $? = 0
configure:18228: result: yes
configure:18250: checking for library containing timer_create
configure:18281: g++ -o conftest -g -O2 -std=gnu++11   conftest.cpp  >&5
/tmp/cck1B6Jf.o: In function `main':
/home/rhino/BDC2.0.1/storage/thirdparty/xapian-core-1.4.0/conftest.cpp:42: undefined reference to `timer_create'
collect2: error: ld returned 1 exit status
configure:18281: $? = 1
configure: failed program was:
| /* confdefs.h */
| #define PACKAGE_NAME "xapian-core"
| #define PACKAGE_TARNAME "xapian-core"
| #define PACKAGE_VERSION "1.4.0"
| #define PACKAGE_STRING "xapian-core 1.4.0"
| #define PACKAGE_BUGREPORT "https://xapian.org/bugs"
| #define PACKAGE_URL ""
| #define PACKAGE "xapian-core"
| #define VERSION "1.4.0"
| #define STDC_HEADERS 1
| #define HAVE_SYS_TYPES_H 1
| #define HAVE_SYS_STAT_H 1
| #define HAVE_STDLIB_H 1
| #define HAVE_STRING_H 1
| #define HAVE_MEMORY_H 1
| #define HAVE_STRINGS_H 1
| #define HAVE_INTTYPES_H 1
| #define HAVE_STDINT_H 1
| #define HAVE_UNISTD_H 1
| #define HAVE_DLFCN_H 1
| #define LT_OBJDIR ".libs/"
| #define _FILE_OFFSET_BITS 64
| #define HAVE_DECL_LOG2 1
| #define USE_RTTI 1
| #define HAVE_CLOCK_GETTIME 1
| #define HAVE_SLEEP 1
| #define HAVE_NANOSLEEP 1
| #define HAVE_GETTIMEOFDAY 1
| #define HAVE_FTIME 1
| /* end confdefs.h.  */
| 
| /* Override any GCC internal prototype to avoid an error.
|    Use char because int might match the return type of a GCC
|    builtin and then its argument prototype would still apply.  */
| #ifdef __cplusplus
| extern "C"
| #endif
| char timer_create ();
| int
| main ()
| {
| return timer_create ();
|   ;
|   return 0;
| }
configure:18281: g++ -o conftest -g -O2 -std=gnu++11   conftest.cpp -lrt   >&5
configure:18281: $? = 0
configure:18298: result: -lrt
configure:18304: checking for timer_create() usability
configure:18319: g++ -c -g -O2 -std=gnu++11  conftest.cpp >&5
configure:18319: $? = 0
configure:18320: result: yes
configure:18341: checking for srandom
configure:18341: g++ -o conftest -g -O2 -std=gnu++11   conftest.cpp  >&5
configure:18341: $? = 0
configure:18341: result: yes
configure:18341: checking for random
configure:18341: g++ -o conftest -g -O2 -std=gnu++11   conftest.cpp  >&5
configure:18341: $? = 0
configure:18341: result: yes
configure:18353: checking for sigaction
configure:18353: g++ -o conftest -g -O2 -std=gnu++11   conftest.cpp  >&5
configure:18353: $? = 0
configure:18353: result: yes
configure:18362: checking for sigsetjmp and siglongjmp
configure:18375: g++ -c -g -O2 -std=gnu++11  conftest.cpp >&5
configure:18375: $? = 0
configure:18379: result: yes
configure:18390: checking for getrusage
configure:18390: g++ -o conftest -g -O2 -std=gnu++11   conftest.cpp  >&5
configure:18390: $? = 0
configure:18390: result: yes
configure:18390: checking for times
configure:18390: g++ -o conftest -g -O2 -std=gnu++11   conftest.cpp  >&5
configure:18390: $? = 0
configure:18390: result: yes
configure:18390: checking for sysconf
configure:18390: g++ -o conftest -g -O2 -std=gnu++11   conftest.cpp  >&5
configure:18390: $? = 0
configure:18390: result: yes
configure:18403: checking for setenv
configure:18403: g++ -o conftest -g -O2 -std=gnu++11   conftest.cpp  >&5
configure:18403: $? = 0
configure:18403: result: yes
configure:18403: checking for _putenv_s
configure:18403: g++ -o conftest -g -O2 -std=gnu++11   conftest.cpp  >&5
/tmp/ccEL1bUf.o: In function `main':
/home/rhino/BDC2.0.1/storage/thirdparty/xapian-core-1.4.0/conftest.cpp:74: undefined reference to `_putenv_s'
collect2: error: ld returned 1 exit status
configure:18403: $? = 1
configure: failed program was:
| /* confdefs.h */
| #define PACKAGE_NAME "xapian-core"
| #define PACKAGE_TARNAME "xapian-core"
| #define PACKAGE_VERSION "1.4.0"
| #define PACKAGE_STRING "xapian-core 1.4.0"
| #define PACKAGE_BUGREPORT "https://xapian.org/bugs"
| #define PACKAGE_URL ""
| #define PACKAGE "xapian-core"
| #define VERSION "1.4.0"
| #define STDC_HEADERS 1
| #define HAVE_SYS_TYPES_H 1
| #define HAVE_SYS_STAT_H 1
| #define HAVE_STDLIB_H 1
| #define HAVE_STRING_H 1
| #define HAVE_MEMORY_H 1
| #define HAVE_STRINGS_H 1
| #define HAVE_INTTYPES_H 1
| #define HAVE_STDINT_H 1
| #define HAVE_UNISTD_H 1
| #define HAVE_DLFCN_H 1
| #define LT_OBJDIR ".libs/"
| #define _FILE_OFFSET_BITS 64
| #define HAVE_DECL_LOG2 1
| #define USE_RTTI 1
| #define HAVE_CLOCK_GETTIME 1
| #define HAVE_SLEEP 1
| #define HAVE_NANOSLEEP 1
| #define HAVE_GETTIMEOFDAY 1
| #define HAVE_FTIME 1
| #define HAVE_TIMER_CREATE 1
| #define HAVE_SRANDOM 1
| #define HAVE_RANDOM 1
| #define HAVE_SIGACTION 1
| #define HAVE_SIGSETJMP 1
| #define HAVE_GETRUSAGE 1
| #define HAVE_TIMES 1
| #define HAVE_SYSCONF 1
| #define HAVE_SETENV 1
| /* end confdefs.h.  */
| /* Define _putenv_s to an innocuous variant, in case <limits.h> declares _putenv_s.
|    For example, HP-UX 11i <limits.h> declares gettimeofday.  */
| #define _putenv_s innocuous__putenv_s
| 
| /* System header to define __stub macros and hopefully few prototypes,
|     which can conflict with char _putenv_s (); below.
|     Prefer <limits.h> to <assert.h> if __STDC__ is defined, since
|     <limits.h> exists even on freestanding compilers.  */
| 
| #ifdef __STDC__
| # include <limits.h>
| #else
| # include <assert.h>
| #endif
| 
| #undef _putenv_s
| 
| /* Override any GCC internal prototype to avoid an error.
|    Use char because int might match the return type of a GCC
|    builtin and then its argument prototype would still apply.  */
| #ifdef __cplusplus
| extern "C"
| #endif
| char _putenv_s ();
| /* The GNU C library defines this for functions which it implements
|     to always fail with ENOSYS.  Some functions are actually named
|     something starting with __ and the normal name is an alias.  */
| #if defined __stub__putenv_s || defined __stub____putenv_s
| choke me
| #endif
| 
| int
| main ()
| {
| return _putenv_s ();
|   ;
|   return 0;
| }
configure:18403: result: no
configure:18416: checking for closefrom
configure:18416: g++ -o conftest -g -O2 -std=gnu++11   conftest.cpp  >&5
/tmp/ccGrdDws.o: In function `main':
/home/rhino/BDC2.0.1/storage/thirdparty/xapian-core-1.4.0/conftest.cpp:74: undefined reference to `closefrom'
collect2: error: ld returned 1 exit status
configure:18416: $? = 1
configure: failed program was:
| /* confdefs.h */
| #define PACKAGE_NAME "xapian-core"
| #define PACKAGE_TARNAME "xapian-core"
| #define PACKAGE_VERSION "1.4.0"
| #define PACKAGE_STRING "xapian-core 1.4.0"
| #define PACKAGE_BUGREPORT "https://xapian.org/bugs"
| #define PACKAGE_URL ""
| #define PACKAGE "xapian-core"
| #define VERSION "1.4.0"
| #define STDC_HEADERS 1
| #define HAVE_SYS_TYPES_H 1
| #define HAVE_SYS_STAT_H 1
| #define HAVE_STDLIB_H 1
| #define HAVE_STRING_H 1
| #define HAVE_MEMORY_H 1
| #define HAVE_STRINGS_H 1
| #define HAVE_INTTYPES_H 1
| #define HAVE_STDINT_H 1
| #define HAVE_UNISTD_H 1
| #define HAVE_DLFCN_H 1
| #define LT_OBJDIR ".libs/"
| #define _FILE_OFFSET_BITS 64
| #define HAVE_DECL_LOG2 1
| #define USE_RTTI 1
| #define HAVE_CLOCK_GETTIME 1
| #define HAVE_SLEEP 1
| #define HAVE_NANOSLEEP 1
| #define HAVE_GETTIMEOFDAY 1
| #define HAVE_FTIME 1
| #define HAVE_TIMER_CREATE 1
| #define HAVE_SRANDOM 1
| #define HAVE_RANDOM 1
| #define HAVE_SIGACTION 1
| #define HAVE_SIGSETJMP 1
| #define HAVE_GETRUSAGE 1
| #define HAVE_TIMES 1
| #define HAVE_SYSCONF 1
| #define HAVE_SETENV 1
| /* end confdefs.h.  */
| /* Define closefrom to an innocuous variant, in case <limits.h> declares closefrom.
|    For example, HP-UX 11i <limits.h> declares gettimeofday.  */
| #define closefrom innocuous_closefrom
| 
| /* System header to define __stub macros and hopefully few prototypes,
|     which can conflict with char closefrom (); below.
|     Prefer <limits.h> to <assert.h> if __STDC__ is defined, since
|     <limits.h> exists even on freestanding compilers.  */
| 
| #ifdef __STDC__
| # include <limits.h>
| #else
| # include <assert.h>
| #endif
| 
| #undef closefrom
| 
| /* Override any GCC internal prototype to avoid an error.
|    Use char because int might match the return type of a GCC
|    builtin and then its argument prototype would still apply.  */
| #ifdef __cplusplus
| extern "C"
| #endif
| char closefrom ();
| /* The GNU C library defines this for functions which it implements
|     to always fail with ENOSYS.  Some functions are actually named
|     something starting with __ and the normal name is an alias.  */
| #if defined __stub_closefrom || defined __stub___closefrom
| choke me
| #endif
| 
| int
| main ()
| {
| return closefrom ();
|   ;
|   return 0;
| }
configure:18416: result: no
configure:18416: checking for dirfd
configure:18416: g++ -o conftest -g -O2 -std=gnu++11   conftest.cpp  >&5
configure:18416: $? = 0
configure:18416: result: yes
configure:18416: checking for getrlimit
configure:18416: g++ -o conftest -g -O2 -std=gnu++11   conftest.cpp  >&5
configure:18416: $? = 0
configure:18416: result: yes
configure:18426: checking return type of ftime
configure:18440: g++ -c -g -O2 -std=gnu++11  conftest.cpp >&5
configure:18440: $? = 0
configure:18441: result: int
configure:18455: checking for sys/utsname.h
configure:18455: g++ -c -g -O2 -std=gnu++11  conftest.cpp >&5
configure:18455: $? = 0
configure:18455: result: yes
configure:18468: checking for gethostname
configure:18468: g++ -o conftest -g -O2 -std=gnu++11   conftest.cpp  >&5
configure:18468: $? = 0
configure:18468: result: yes
configure:18478: checking for ssize_t
configure:18478: g++ -c -g -O2 -std=gnu++11  conftest.cpp >&5
configure:18478: $? = 0
configure:18478: g++ -c -g -O2 -std=gnu++11  conftest.cpp >&5
conftest.cpp: In function 'int main()':
conftest.cpp:80:21: error: expected primary-expression before ')' token
 if (sizeof ((ssize_t)))
                     ^
configure:18478: $? = 1
configure: failed program was:
| /* confdefs.h */
| #define PACKAGE_NAME "xapian-core"
| #define PACKAGE_TARNAME "xapian-core"
| #define PACKAGE_VERSION "1.4.0"
| #define PACKAGE_STRING "xapian-core 1.4.0"
| #define PACKAGE_BUGREPORT "https://xapian.org/bugs"
| #define PACKAGE_URL ""
| #define PACKAGE "xapian-core"
| #define VERSION "1.4.0"
| #define STDC_HEADERS 1
| #define HAVE_SYS_TYPES_H 1
| #define HAVE_SYS_STAT_H 1
| #define HAVE_STDLIB_H 1
| #define HAVE_STRING_H 1
| #define HAVE_MEMORY_H 1
| #define HAVE_STRINGS_H 1
| #define HAVE_INTTYPES_H 1
| #define HAVE_STDINT_H 1
| #define HAVE_UNISTD_H 1
| #define HAVE_DLFCN_H 1
| #define LT_OBJDIR ".libs/"
| #define _FILE_OFFSET_BITS 64
| #define HAVE_DECL_LOG2 1
| #define USE_RTTI 1
| #define HAVE_CLOCK_GETTIME 1
| #define HAVE_SLEEP 1
| #define HAVE_NANOSLEEP 1
| #define HAVE_GETTIMEOFDAY 1
| #define HAVE_FTIME 1
| #define HAVE_TIMER_CREATE 1
| #define HAVE_SRANDOM 1
| #define HAVE_RANDOM 1
| #define HAVE_SIGACTION 1
| #define HAVE_SIGSETJMP 1
| #define HAVE_GETRUSAGE 1
| #define HAVE_TIMES 1
| #define HAVE_SYSCONF 1
| #define HAVE_SETENV 1
| #define HAVE_DIRFD 1
| #define HAVE_GETRLIMIT 1
| #define HAVE_SYS_UTSNAME_H 1
| #define HAVE_GETHOSTNAME 1
| /* end confdefs.h.  */
| #include <stdio.h>
| #ifdef HAVE_SYS_TYPES_H
| # include <sys/types.h>
| #endif
| #ifdef HAVE_SYS_STAT_H
| # include <sys/stat.h>
| #endif
| #ifdef STDC_HEADERS
| # include <stdlib.h>
| # include <stddef.h>
| #else
| # ifdef HAVE_STDLIB_H
| #  include <stdlib.h>
| # endif
| #endif
| #ifdef HAVE_STRING_H
| # if !defined STDC_HEADERS && defined HAVE_MEMORY_H
| #  include <memory.h>
| # endif
| # include <string.h>
| #endif
| #ifdef HAVE_STRINGS_H
| # include <strings.h>
| #endif
| #ifdef HAVE_INTTYPES_H
| # include <inttypes.h>
| #endif
| #ifdef HAVE_STDINT_H
| # include <stdint.h>
| #endif
| #ifdef HAVE_UNISTD_H
| # include <unistd.h>
| #endif
| int
| main ()
| {
| if (sizeof ((ssize_t)))
| 	    return 0;
|   ;
|   return 0;
| }
configure:18478: result: yes
configure:18490: checking for pid_t
configure:18490: g++ -c -g -O2 -std=gnu++11  conftest.cpp >&5
configure:18490: $? = 0
configure:18490: g++ -c -g -O2 -std=gnu++11  conftest.cpp >&5
conftest.cpp: In function 'int main()':
conftest.cpp:80:19: error: expected primary-expression before ')' token
 if (sizeof ((pid_t)))
                   ^
configure:18490: $? = 1
configure: failed program was:
| /* confdefs.h */
| #define PACKAGE_NAME "xapian-core"
| #define PACKAGE_TARNAME "xapian-core"
| #define PACKAGE_VERSION "1.4.0"
| #define PACKAGE_STRING "xapian-core 1.4.0"
| #define PACKAGE_BUGREPORT "https://xapian.org/bugs"
| #define PACKAGE_URL ""
| #define PACKAGE "xapian-core"
| #define VERSION "1.4.0"
| #define STDC_HEADERS 1
| #define HAVE_SYS_TYPES_H 1
| #define HAVE_SYS_STAT_H 1
| #define HAVE_STDLIB_H 1
| #define HAVE_STRING_H 1
| #define HAVE_MEMORY_H 1
| #define HAVE_STRINGS_H 1
| #define HAVE_INTTYPES_H 1
| #define HAVE_STDINT_H 1
| #define HAVE_UNISTD_H 1
| #define HAVE_DLFCN_H 1
| #define LT_OBJDIR ".libs/"
| #define _FILE_OFFSET_BITS 64
| #define HAVE_DECL_LOG2 1
| #define USE_RTTI 1
| #define HAVE_CLOCK_GETTIME 1
| #define HAVE_SLEEP 1
| #define HAVE_NANOSLEEP 1
| #define HAVE_GETTIMEOFDAY 1
| #define HAVE_FTIME 1
| #define HAVE_TIMER_CREATE 1
| #define HAVE_SRANDOM 1
| #define HAVE_RANDOM 1
| #define HAVE_SIGACTION 1
| #define HAVE_SIGSETJMP 1
| #define HAVE_GETRUSAGE 1
| #define HAVE_TIMES 1
| #define HAVE_SYSCONF 1
| #define HAVE_SETENV 1
| #define HAVE_DIRFD 1
| #define HAVE_GETRLIMIT 1
| #define HAVE_SYS_UTSNAME_H 1
| #define HAVE_GETHOSTNAME 1
| /* end confdefs.h.  */
| #include <stdio.h>
| #ifdef HAVE_SYS_TYPES_H
| # include <sys/types.h>
| #endif
| #ifdef HAVE_SYS_STAT_H
| # include <sys/stat.h>
| #endif
| #ifdef STDC_HEADERS
| # include <stdlib.h>
| # include <stddef.h>
| #else
| # ifdef HAVE_STDLIB_H
| #  include <stdlib.h>
| # endif
| #endif
| #ifdef HAVE_STRING_H
| # if !defined STDC_HEADERS && defined HAVE_MEMORY_H
| #  include <memory.h>
| # endif
| # include <string.h>
| #endif
| #ifdef HAVE_STRINGS_H
| # include <strings.h>
| #endif
| #ifdef HAVE_INTTYPES_H
| # include <inttypes.h>
| #endif
| #ifdef HAVE_STDINT_H
| # include <stdint.h>
| #endif
| #ifdef HAVE_UNISTD_H
| # include <unistd.h>
| #endif
| int
| main ()
| {
| if (sizeof ((pid_t)))
| 	    return 0;
|   ;
|   return 0;
| }
configure:18490: result: yes
configure:18502: checking for mode_t
configure:18502: g++ -c -g -O2 -std=gnu++11  conftest.cpp >&5
configure:18502: $? = 0
configure:18502: g++ -c -g -O2 -std=gnu++11  conftest.cpp >&5
conftest.cpp: In function 'int main()':
conftest.cpp:80:20: error: expected primary-expression before ')' token
 if (sizeof ((mode_t)))
                    ^
configure:18502: $? = 1
configure: failed program was:
| /* confdefs.h */
| #define PACKAGE_NAME "xapian-core"
| #define PACKAGE_TARNAME "xapian-core"
| #define PACKAGE_VERSION "1.4.0"
| #define PACKAGE_STRING "xapian-core 1.4.0"
| #define PACKAGE_BUGREPORT "https://xapian.org/bugs"
| #define PACKAGE_URL ""
| #define PACKAGE "xapian-core"
| #define VERSION "1.4.0"
| #define STDC_HEADERS 1
| #define HAVE_SYS_TYPES_H 1
| #define HAVE_SYS_STAT_H 1
| #define HAVE_STDLIB_H 1
| #define HAVE_STRING_H 1
| #define HAVE_MEMORY_H 1
| #define HAVE_STRINGS_H 1
| #define HAVE_INTTYPES_H 1
| #define HAVE_STDINT_H 1
| #define HAVE_UNISTD_H 1
| #define HAVE_DLFCN_H 1
| #define LT_OBJDIR ".libs/"
| #define _FILE_OFFSET_BITS 64
| #define HAVE_DECL_LOG2 1
| #define USE_RTTI 1
| #define HAVE_CLOCK_GETTIME 1
| #define HAVE_SLEEP 1
| #define HAVE_NANOSLEEP 1
| #define HAVE_GETTIMEOFDAY 1
| #define HAVE_FTIME 1
| #define HAVE_TIMER_CREATE 1
| #define HAVE_SRANDOM 1
| #define HAVE_RANDOM 1
| #define HAVE_SIGACTION 1
| #define HAVE_SIGSETJMP 1
| #define HAVE_GETRUSAGE 1
| #define HAVE_TIMES 1
| #define HAVE_SYSCONF 1
| #define HAVE_SETENV 1
| #define HAVE_DIRFD 1
| #define HAVE_GETRLIMIT 1
| #define HAVE_SYS_UTSNAME_H 1
| #define HAVE_GETHOSTNAME 1
| /* end confdefs.h.  */
| #include <stdio.h>
| #ifdef HAVE_SYS_TYPES_H
| # include <sys/types.h>
| #endif
| #ifdef HAVE_SYS_STAT_H
| # include <sys/stat.h>
| #endif
| #ifdef STDC_HEADERS
| # include <stdlib.h>
| # include <stddef.h>
| #else
| # ifdef HAVE_STDLIB_H
| #  include <stdlib.h>
| # endif
| #endif
| #ifdef HAVE_STRING_H
| # if !defined STDC_HEADERS && defined HAVE_MEMORY_H
| #  include <memory.h>
| # endif
| # include <string.h>
| #endif
| #ifdef HAVE_STRINGS_H
| # include <strings.h>
| #endif
| #ifdef HAVE_INTTYPES_H
| # include <inttypes.h>
| #endif
| #ifdef HAVE_STDINT_H
| # include <stdint.h>
| #endif
| #ifdef HAVE_UNISTD_H
| # include <unistd.h>
| #endif
| int
| main ()
| {
| if (sizeof ((mode_t)))
| 	    return 0;
|   ;
|   return 0;
| }
configure:18502: result: yes
configure:18518: checking size of short
configure:18523: g++ -o conftest -g -O2 -std=gnu++11   conftest.cpp  >&5
configure:18523: $? = 0
configure:18523: ./conftest
configure:18523: $? = 0
configure:18537: result: 2
configure:18551: checking size of int
configure:18556: g++ -o conftest -g -O2 -std=gnu++11   conftest.cpp  >&5
configure:18556: $? = 0
configure:18556: ./conftest
configure:18556: $? = 0
configure:18570: result: 4
configure:18584: checking size of long
configure:18589: g++ -o conftest -g -O2 -std=gnu++11   conftest.cpp  >&5
configure:18589: $? = 0
configure:18589: ./conftest
configure:18589: $? = 0
configure:18603: result: 4
configure:18617: checking size of long long
configure:18622: g++ -o conftest -g -O2 -std=gnu++11   conftest.cpp  >&5
configure:18622: $? = 0
configure:18622: ./conftest
configure:18622: $? = 0
configure:18636: result: 8
configure:18650: checking for sys/types.h
configure:18650: result: yes
configure:18664: checking size of off_t
configure:18669: g++ -o conftest -g -O2 -std=gnu++11   conftest.cpp  >&5
configure:18669: $? = 0
configure:18669: ./conftest
configure:18669: $? = 0
configure:18683: result: 8
configure:18694: checking for 32 bit integer type
configure:18705: result: int
configure:18708: checking for 64 bit integer type
configure:18719: result: long long
configure:18722: checking for unsigned equivalent of off_t
configure:18738: result: unsigned long long
configure:18743: checking for perl
configure:18761: found /usr/bin/perl
configure:18773: result: /usr/bin/perl
configure:19056: checking for fcntl.h
configure:19056: g++ -c -g -O2 -std=gnu++11  conftest.cpp >&5
configure:19056: $? = 0
configure:19056: result: yes
configure:19056: checking for limits.h
configure:19056: g++ -c -g -O2 -std=gnu++11  conftest.cpp >&5
configure:19056: $? = 0
configure:19056: result: yes
configure:19056: checking for sys/errno.h
configure:19056: g++ -c -g -O2 -std=gnu++11  conftest.cpp >&5
configure:19056: $? = 0
configure:19056: result: yes
configure:19056: checking for sys/select.h
configure:19056: g++ -c -g -O2 -std=gnu++11  conftest.cpp >&5
configure:19056: $? = 0
configure:19056: result: yes
configure:19069: checking for sys/resource.h
configure:19069: g++ -c -g -O2 -std=gnu++11  conftest.cpp >&5
configure:19069: $? = 0
configure:19069: result: yes
configure:19084: checking for valgrind
configure:19102: found /usr/bin/valgrind
configure:19114: result: /usr/bin/valgrind
configure:19123: checking if valgrind supports --log-file with %p
--13387:0:aspacem  <<< SHOW_SEGMENTS: out_of_memory (14 segments, 1 segnames)
--13387:0:aspacem  ( 0) /usr/lib/valgrind/memcheck-arm-linux
--13387:0:aspacem    0: RSVN 0000000000-0003ffffff     64m ----- SmFixed
--13387:0:aspacem    1:      0004000000-0037ffffff    832m
--13387:0:aspacem    2: FILE 0038000000-0038357fff 3506176 r-x-- d=0x00b i=10314   o=0       (0)
--13387:0:aspacem    3: FILE 0038358000-003835ffff   32768 rw--- d=0x00b i=10314   o=3473408 (0)
--13387:0:aspacem    4: ANON 0038360000-0039497fff     17m rw---
--13387:0:aspacem    5:      0039498000-006164bfff    641m
--13387:0:aspacem    6: RSVN 006164c000-006164cfff    4096 ----- SmFixed
--13387:0:aspacem    7:      006164d000-00b685ffff   1362m
--13387:0:aspacem    8: ANON 00b6860000-00b6867fff   32768 r-x--
--13387:0:aspacem    9:      00b6868000-00bec6ffff    132m
--13387:0:aspacem   10: ANON 00bec70000-00bec97fff  163840 rw---
--13387:0:aspacem   11: RSVN 00bec98000-00fffeffff   1043m ----- SmFixed
--13387:0:aspacem   12: ANON 00ffff0000-00ffff7fff   32768 r-x--
--13387:0:aspacem   13: RSVN 00ffff8000-00ffffffff   32768 ----- SmFixed
--13387:0:aspacem  >>>
--13387-- core    :        0/       0  max/curr mmap'd, 0/0 unsplit/split sb unmmap'd,         0/       0 max/curr,           0/         0 totalloc-blocks/bytes,           0 searches 4 rzB
--13387-- dinfo   :        0/       0  max/curr mmap'd, 0/0 unsplit/split sb unmmap'd,         0/       0 max/curr,           0/         0 totalloc-blocks/bytes,           0 searches 4 rzB
--13387-- (null)  :        0/       0  max/curr mmap'd, 0/0 unsplit/split sb unmmap'd,         0/       0 max/curr,           0/         0 totalloc-blocks/bytes,           0 searches 0 rzB
--13387-- demangle:        0/       0  max/curr mmap'd, 0/0 unsplit/split sb unmmap'd,         0/       0 max/curr,           0/         0 totalloc-blocks/bytes,           0 searches 4 rzB
--13387-- ttaux   :        0/       0  max/curr mmap'd, 0/0 unsplit/split sb unmmap'd,         0/       0 max/curr,           0/         0 totalloc-blocks/bytes,           0 searches 4 rzB
==13387== 
==13387==     Valgrind's memory management: out of memory:
==13387==        newSuperblock's request for 4194304 bytes failed.
==13387==        18284544 bytes have already been allocated.
==13387==     Valgrind cannot continue.  Sorry.
==13387== 
==13387==     There are several possible reasons for this.
==13387==     - You have some kind of memory limit in place.  Look at the
==13387==       output of 'ulimit -a'.  Is there a limit on the size of
==13387==       virtual memory or address space?
==13387==     - You have run out of swap space.
==13387==     - Valgrind has a bug.  If you think this is the case or you are
==13387==     not sure, please let us know and we'll try to fix it.
==13387==     Please note that programs can take substantially more memory than
==13387==     normal when running under Valgrind tools, eg. up to twice or
==13387==     more, depending on the tool.  On a 64-bit machine, Valgrind
==13387==     should be able to make use of up 32GB memory.  On a 32-bit
==13387==     machine, Valgrind should be able to use all the memory available
==13387==     to a single process, up to 4GB if that's how you have your
==13387==     kernel configured.  Most 32-bit Linux setups allow a maximum of
==13387==     3GB per process.
==13387== 
==13387==     Whatever the reason, Valgrind cannot continue.  Sorry.
configure:19157: result: /usr/bin/valgrind doesn't work
configure:19174: checking for eatmydata
configure:19207: result: no
configure:19214: checking for working memcmp
configure:19257: g++ -o conftest -g -O2 -std=gnu++11   conftest.cpp  >&5
configure:19257: $? = 0
configure:19257: ./conftest
configure:19257: $? = 0
configure:19267: result: yes
configure:19276: checking whether strerror_r is declared
configure:19276: g++ -c -g -O2 -std=gnu++11  conftest.cpp >&5
configure:19276: $? = 0
configure:19276: result: yes
configure:19289: checking for strerror_r
configure:19289: g++ -o conftest -g -O2 -std=gnu++11   conftest.cpp  >&5
configure:19289: $? = 0
configure:19289: result: yes
configure:19298: checking whether strerror_r returns char *
configure:19322: g++ -c -g -O2 -std=gnu++11  conftest.cpp >&5
configure:19322: $? = 0
configure:19360: result: yes
configure:19369: checking for sys_errlist and sys_nerr
configure:19386: g++ -o conftest -g -O2 -std=gnu++11   conftest.cpp  >&5
/tmp/ccSBovkF.o: In function `main':
/home/rhino/BDC2.0.1/storage/thirdparty/xapian-core-1.4.0/conftest.cpp:63: warning: `sys_errlist' is deprecated; use `strerror' or `strerror_r' instead
/home/rhino/BDC2.0.1/storage/thirdparty/xapian-core-1.4.0/conftest.cpp:63: warning: `sys_nerr' is deprecated; use `strerror' or `strerror_r' instead
configure:19386: $? = 0
configure:19395: result: yes
configure:19403: checking for _sys_errlist and _sys_nerr
configure:19420: g++ -o conftest -g -O2 -std=gnu++11   conftest.cpp  >&5
configure:19420: $? = 0
configure:19430: result: yes
configure:19438: checking for working ISO C90 conforming snprintf
configure:19472: g++ -o conftest -g -O2 -std=gnu++11   conftest.cpp  >&5
configure:19472: $? = 0
configure:19472: ./conftest
configure:19472: $? = 0
configure:19487: result: snprintf
configure:19574: checking for zlib.h
configure:19574: g++ -c -g -O2 -std=gnu++11  conftest.cpp >&5
configure:19574: $? = 0
configure:19574: result: yes
configure:19591: checking for library containing zlibVersion
configure:19622: g++ -o conftest -g -O2 -std=gnu++11   conftest.cpp  >&5
/tmp/ccw7Th9m.o: In function `main':
/home/rhino/BDC2.0.1/storage/thirdparty/xapian-core-1.4.0/conftest.cpp:75: undefined reference to `zlibVersion'
collect2: error: ld returned 1 exit status
configure:19622: $? = 1
configure: failed program was:
| /* confdefs.h */
| #define PACKAGE_NAME "xapian-core"
| #define PACKAGE_TARNAME "xapian-core"
| #define PACKAGE_VERSION "1.4.0"
| #define PACKAGE_STRING "xapian-core 1.4.0"
| #define PACKAGE_BUGREPORT "https://xapian.org/bugs"
| #define PACKAGE_URL ""
| #define PACKAGE "xapian-core"
| #define VERSION "1.4.0"
| #define STDC_HEADERS 1
| #define HAVE_SYS_TYPES_H 1
| #define HAVE_SYS_STAT_H 1
| #define HAVE_STDLIB_H 1
| #define HAVE_STRING_H 1
| #define HAVE_MEMORY_H 1
| #define HAVE_STRINGS_H 1
| #define HAVE_INTTYPES_H 1
| #define HAVE_STDINT_H 1
| #define HAVE_UNISTD_H 1
| #define HAVE_DLFCN_H 1
| #define LT_OBJDIR ".libs/"
| #define _FILE_OFFSET_BITS 64
| #define HAVE_DECL_LOG2 1
| #define USE_RTTI 1
| #define HAVE_CLOCK_GETTIME 1
| #define HAVE_SLEEP 1
| #define HAVE_NANOSLEEP 1
| #define HAVE_GETTIMEOFDAY 1
| #define HAVE_FTIME 1
| #define HAVE_TIMER_CREATE 1
| #define HAVE_SRANDOM 1
| #define HAVE_RANDOM 1
| #define HAVE_SIGACTION 1
| #define HAVE_SIGSETJMP 1
| #define HAVE_GETRUSAGE 1
| #define HAVE_TIMES 1
| #define HAVE_SYSCONF 1
| #define HAVE_SETENV 1
| #define HAVE_DIRFD 1
| #define HAVE_GETRLIMIT 1
| #define HAVE_SYS_UTSNAME_H 1
| #define HAVE_GETHOSTNAME 1
| #define SIZEOF_SHORT 2
| #define SIZEOF_INT 4
| #define SIZEOF_LONG 4
| #define SIZEOF_LONG_LONG 8
| #define HAVE_SYS_TYPES_H 1
| #define SIZEOF_OFF_T 8
| #define UNSIGNED_OFF_T unsigned long long
| #define HAVE_FCNTL_H 1
| #define HAVE_LIMITS_H 1
| #define HAVE_SYS_ERRNO_H 1
| #define HAVE_SYS_SELECT_H 1
| #define HAVE_SYS_RESOURCE_H 1
| #define HAVE_DECL_STRERROR_R 1
| #define HAVE_STRERROR_R 1
| #define STRERROR_R_CHAR_P 1
| #define HAVE_SYS_ERRLIST_AND_SYS_NERR 1
| #define HAVE__SYS_ERRLIST_AND__SYS_NERR 1
| #define SNPRINTF_ISO snprintf
| #define SNPRINTF snprintf
| #define HAVE_ZLIB_H 1
| /* end confdefs.h.  */
| 
| /* Override any GCC internal prototype to avoid an error.
|    Use char because int might match the return type of a GCC
|    builtin and then its argument prototype would still apply.  */
| #ifdef __cplusplus
| extern "C"
| #endif
| char zlibVersion ();
| int
| main ()
| {
| return zlibVersion ();
|   ;
|   return 0;
| }
configure:19622: g++ -o conftest -g -O2 -std=gnu++11   conftest.cpp -lz   >&5
configure:19622: $? = 0
configure:19639: result: -lz
configure:19666: checking for uuid/uuid.h
configure:19666: g++ -c -g -O2 -std=gnu++11  conftest.cpp >&5
configure:19666: $? = 0
configure:19666: result: yes
configure:19674: checking for library containing uuid_generate
configure:19705: g++ -o conftest -g -O2 -std=gnu++11   conftest.cpp  >&5
/tmp/ccMyv8s5.o: In function `main':
/home/rhino/BDC2.0.1/storage/thirdparty/xapian-core-1.4.0/conftest.cpp:76: undefined reference to `uuid_generate'
collect2: error: ld returned 1 exit status
configure:19705: $? = 1
configure: failed program was:
| /* confdefs.h */
| #define PACKAGE_NAME "xapian-core"
| #define PACKAGE_TARNAME "xapian-core"
| #define PACKAGE_VERSION "1.4.0"
| #define PACKAGE_STRING "xapian-core 1.4.0"
| #define PACKAGE_BUGREPORT "https://xapian.org/bugs"
| #define PACKAGE_URL ""
| #define PACKAGE "xapian-core"
| #define VERSION "1.4.0"
| #define STDC_HEADERS 1
| #define HAVE_SYS_TYPES_H 1
| #define HAVE_SYS_STAT_H 1
| #define HAVE_STDLIB_H 1
| #define HAVE_STRING_H 1
| #define HAVE_MEMORY_H 1
| #define HAVE_STRINGS_H 1
| #define HAVE_INTTYPES_H 1
| #define HAVE_STDINT_H 1
| #define HAVE_UNISTD_H 1
| #define HAVE_DLFCN_H 1
| #define LT_OBJDIR ".libs/"
| #define _FILE_OFFSET_BITS 64
| #define HAVE_DECL_LOG2 1
| #define USE_RTTI 1
| #define HAVE_CLOCK_GETTIME 1
| #define HAVE_SLEEP 1
| #define HAVE_NANOSLEEP 1
| #define HAVE_GETTIMEOFDAY 1
| #define HAVE_FTIME 1
| #define HAVE_TIMER_CREATE 1
| #define HAVE_SRANDOM 1
| #define HAVE_RANDOM 1
| #define HAVE_SIGACTION 1
| #define HAVE_SIGSETJMP 1
| #define HAVE_GETRUSAGE 1
| #define HAVE_TIMES 1
| #define HAVE_SYSCONF 1
| #define HAVE_SETENV 1
| #define HAVE_DIRFD 1
| #define HAVE_GETRLIMIT 1
| #define HAVE_SYS_UTSNAME_H 1
| #define HAVE_GETHOSTNAME 1
| #define SIZEOF_SHORT 2
| #define SIZEOF_INT 4
| #define SIZEOF_LONG 4
| #define SIZEOF_LONG_LONG 8
| #define HAVE_SYS_TYPES_H 1
| #define SIZEOF_OFF_T 8
| #define UNSIGNED_OFF_T unsigned long long
| #define HAVE_FCNTL_H 1
| #define HAVE_LIMITS_H 1
| #define HAVE_SYS_ERRNO_H 1
| #define HAVE_SYS_SELECT_H 1
| #define HAVE_SYS_RESOURCE_H 1
| #define HAVE_DECL_STRERROR_R 1
| #define HAVE_STRERROR_R 1
| #define STRERROR_R_CHAR_P 1
| #define HAVE_SYS_ERRLIST_AND_SYS_NERR 1
| #define HAVE__SYS_ERRLIST_AND__SYS_NERR 1
| #define SNPRINTF_ISO snprintf
| #define SNPRINTF snprintf
| #define HAVE_ZLIB_H 1
| #define HAVE_UUID_UUID_H 1
| /* end confdefs.h.  */
| 
| /* Override any GCC internal prototype to avoid an error.
|    Use char because int might match the return type of a GCC
|    builtin and then its argument prototype would still apply.  */
| #ifdef __cplusplus
| extern "C"
| #endif
| char uuid_generate ();
| int
| main ()
| {
| return uuid_generate ();
|   ;
|   return 0;
| }
configure:19705: g++ -o conftest -g -O2 -std=gnu++11   conftest.cpp -luuid   >&5
configure:19705: $? = 0
configure:19722: result: -luuid
configure:19793: g++ -o conftest -g -O2 -std=gnu++11   conftest.cpp -luuid  >&5
configure:19793: $? = 0
configure:19824: g++ -E  conftest.cpp
configure:19824: $? = 0
configure:19851: checking for fork
configure:19851: g++ -o conftest -g -O2 -std=gnu++11   conftest.cpp  >&5
configure:19851: $? = 0
configure:19851: result: yes
configure:19864: checking for library containing socketpair
configure:19895: g++ -o conftest -g -O2 -std=gnu++11   conftest.cpp  >&5
configure:19895: $? = 0
configure:19912: result: none required
configure:19927: checking for library containing getaddrinfo
configure:19958: g++ -o conftest -g -O2 -std=gnu++11   conftest.cpp  >&5
configure:19958: $? = 0
configure:19975: result: none required
configure:19987: checking for library containing inet_ntop
configure:20018: g++ -o conftest -g -O2 -std=gnu++11   conftest.cpp  >&5
configure:20018: $? = 0
configure:20035: result: none required
configure:20054: checking for type to use for 5th parameter to getsockopt
configure:20082: g++ -c -g -O2 -std=gnu++11  conftest.cpp >&5
configure:20082: $? = 0
configure:20098: result: socklen_t
configure:20191: checking whether fdatasync is declared
configure:20191: g++ -c -g -O2 -std=gnu++11  conftest.cpp >&5
configure:20191: $? = 0
configure:20191: result: yes
configure:20197: checking for library containing fdatasync
configure:20228: g++ -o conftest -g -O2 -std=gnu++11   conftest.cpp  >&5
configure:20228: $? = 0
configure:20245: result: none required
configure:20256: checking for fdatasync
configure:20256: g++ -o conftest -g -O2 -std=gnu++11   conftest.cpp  >&5
configure:20256: $? = 0
configure:20256: result: yes
configure:20273: checking for fsync
configure:20273: g++ -o conftest -g -O2 -std=gnu++11   conftest.cpp  >&5
configure:20273: $? = 0
configure:20273: result: yes
configure:20284: checking for posix_fadvise
configure:20284: g++ -o conftest -g -O2 -std=gnu++11   conftest.cpp  >&5
configure:20284: $? = 0
configure:20284: result: yes
configure:20295: checking for ftruncate
configure:20295: g++ -o conftest -g -O2 -std=gnu++11   conftest.cpp  >&5
configure:20295: $? = 0
configure:20295: result: yes
configure:20317: checking for pread
configure:20317: g++ -o conftest -g -O2 -std=gnu++11   conftest.cpp  >&5
configure:20317: $? = 0
configure:20317: result: yes
configure:20322: checking for any prototype needed for pread
configure:20349: g++ -c -g -O2 -std=gnu++11  conftest.cpp >&5
configure:20349: $? = 0
configure:20366: result: none required
configure:20380: checking for pwrite
configure:20380: g++ -o conftest -g -O2 -std=gnu++11   conftest.cpp  >&5
configure:20380: $? = 0
configure:20380: result: yes
configure:20385: checking for any prototype needed for pwrite
configure:20412: g++ -c -g -O2 -std=gnu++11  conftest.cpp >&5
configure:20412: $? = 0
configure:20429: result: none required
configure:20448: checking for link
configure:20448: g++ -o conftest -g -O2 -std=gnu++11   conftest.cpp  >&5
configure:20448: $? = 0
configure:20448: result: yes
configure:20507: checking for version of g++
configure:20510: result: GCC 5.4.0
configure:20544: checking if g++ -fvisibility=hidden works
configure:20547: result: yes
configure:20590: checking for g++ -Wl,-Bsymbolic-functions
configure:20610: g++ -o conftest -g -O2 -std=gnu++11   -Wl,-Bsymbolic-functions conftest.cpp  >&5
configure:20610: $? = 0
configure:20623: result: yes
configure:20628: checking whether to use SSE instructions on x86
configure:20671: result: non-x86 arch (armv7l)
configure:20822: checking that generated files are newer than configure
configure:20828: result: done
configure:20904: creating ./config.status

## ---------------------- ##
## Running config.status. ##
## ---------------------- ##

This file was extended by xapian-core config.status 1.4.0, which was
generated by GNU Autoconf 2.69.  Invocation command line was

  CONFIG_FILES    = 
  CONFIG_HEADERS  = 
  CONFIG_LINKS    = 
  CONFIG_COMMANDS = 
  $ ./config.status 

on alpine151

config.status:1264: creating Makefile
config.status:1264: creating tests/Makefile
config.status:1264: creating docs/Makefile
config.status:1264: creating docs/doxygen_api.conf
config.status:1264: creating docs/doxygen_source.conf
config.status:1264: creating xapian-core.spec
config.status:1264: creating cmake/xapian-config.cmake
config.status:1264: creating cmake/xapian-config-version.cmake
config.status:1264: creating pkgconfig/xapian-core.pc
config.status:1264: creating tests/runtest
config.status:1264: creating tests/runsrv
config.status:1264: creating tests/submitperftest
config.status:1264: creating tests/perftest/get_machine_info
config.status:1264: creating xapian-config
config.status:1264: creating makemanpage
config.status:1264: creating config.h
config.status:1493: executing depfiles commands
config.status:1493: executing libtool commands
configure:23377: g++ -c -g -O2 -std=gnu++11  conftest.cpp >&5
configure:23377: $? = 0

## ---------------- ##
## Cache variables. ##
## ---------------- ##

ac_cv__sys_errlist_and__sys_nerr=yes
ac_cv_build=armv7l-unknown-linux-gnueabihf
ac_cv_c_bigendian=no
ac_cv_c_compiler_gnu=yes
ac_cv_cxx_compiler_gnu=yes
ac_cv_env_CCC_set=
ac_cv_env_CCC_value=
ac_cv_env_CC_FOR_BUILD_set=
ac_cv_env_CC_FOR_BUILD_value=
ac_cv_env_CC_set=
ac_cv_env_CC_value=
ac_cv_env_CFLAGS_set=
ac_cv_env_CFLAGS_value=
ac_cv_env_CPPFLAGS_set=
ac_cv_env_CPPFLAGS_value=
ac_cv_env_CPP_set=
ac_cv_env_CPP_value=
ac_cv_env_CXXCPP_set=
ac_cv_env_CXXCPP_value=
ac_cv_env_CXXFLAGS_set=
ac_cv_env_CXXFLAGS_value=
ac_cv_env_CXX_set=
ac_cv_env_CXX_value=
ac_cv_env_LDFLAGS_set=
ac_cv_env_LDFLAGS_value=
ac_cv_env_LIBS_set=
ac_cv_env_LIBS_value=
ac_cv_env_LT_SYS_LIBRARY_PATH_set=
ac_cv_env_LT_SYS_LIBRARY_PATH_value=
ac_cv_env_build_alias_set=
ac_cv_env_build_alias_value=
ac_cv_env_host_alias_set=
ac_cv_env_host_alias_value=
ac_cv_env_target_alias_set=
ac_cv_env_target_alias_value=
ac_cv_func__putenv_s=no
ac_cv_func_clock_gettime=yes
ac_cv_func_closefrom=no
ac_cv_func_dirfd=yes
ac_cv_func_fdatasync=yes
ac_cv_func_fork=yes
ac_cv_func_fsync=yes
ac_cv_func_ftime=yes
ac_cv_func_ftruncate=yes
ac_cv_func_gethostname=yes
ac_cv_func_getrlimit=yes
ac_cv_func_getrusage=yes
ac_cv_func_gettimeofday=yes
ac_cv_func_link=yes
ac_cv_func_memcmp_working=yes
ac_cv_func_nanosleep=yes
ac_cv_func_posix_fadvise=yes
ac_cv_func_pread=yes
ac_cv_func_pwrite=yes
ac_cv_func_random=yes
ac_cv_func_setenv=yes
ac_cv_func_sigaction=yes
ac_cv_func_sleep=yes
ac_cv_func_snprintf=snprintf
ac_cv_func_snprintf_noniso=no
ac_cv_func_srandom=yes
ac_cv_func_strerror_r=yes
ac_cv_func_strerror_r_char_p=yes
ac_cv_func_sysconf=yes
ac_cv_func_times=yes
ac_cv_have_decl_fdatasync_int_=yes
ac_cv_have_decl_log2=yes
ac_cv_have_decl_strerror_r=yes
ac_cv_header_dlfcn_h=yes
ac_cv_header_fcntl_h=yes
ac_cv_header_inttypes_h=yes
ac_cv_header_limits_h=yes
ac_cv_header_memory_h=yes
ac_cv_header_stdc=yes
ac_cv_header_stdint_h=yes
ac_cv_header_stdlib_h=yes
ac_cv_header_string_h=yes
ac_cv_header_strings_h=yes
ac_cv_header_sys_errno_h=yes
ac_cv_header_sys_resource_h=yes
ac_cv_header_sys_select_h=yes
ac_cv_header_sys_stat_h=yes
ac_cv_header_sys_types_h=yes
ac_cv_header_sys_utsname_h=yes
ac_cv_header_unistd_h=yes
ac_cv_header_uuid_uuid_h=yes
ac_cv_header_zlib_h=yes
ac_cv_host=armv7l-unknown-linux-gnueabihf
ac_cv_objext=o
ac_cv_path_EGREP='/bin/grep -E'
ac_cv_path_FGREP='/bin/grep -F'
ac_cv_path_GREP=/bin/grep
ac_cv_path_PERL=/usr/bin/perl
ac_cv_path_SED=/bin/sed
ac_cv_path_VALGRIND=/usr/bin/valgrind
ac_cv_path_install='/usr/bin/install -c'
ac_cv_path_lt_DD=/bin/dd
ac_cv_path_mkdir=/bin/mkdir
ac_cv_prog_AWK=gawk
ac_cv_prog_CPP='gcc -E'
ac_cv_prog_CXXCPP='g++ -E'
ac_cv_prog_ac_ct_AR=ar
ac_cv_prog_ac_ct_CC=gcc
ac_cv_prog_ac_ct_CXX=g++
ac_cv_prog_ac_ct_MANIFEST_TOOL=mt
ac_cv_prog_ac_ct_OBJDUMP=objdump
ac_cv_prog_ac_ct_RANLIB=ranlib
ac_cv_prog_ac_ct_STRIP=strip
ac_cv_prog_cc_c89=
ac_cv_prog_cc_g=yes
ac_cv_prog_cxx_g=yes
ac_cv_prog_make_make_set=yes
ac_cv_search_fdatasync='none required'
ac_cv_search_getaddrinfo='none required'
ac_cv_search_inet_ntop='none required'
ac_cv_search_socketpair='none required'
ac_cv_search_timer_create=-lrt
ac_cv_search_uuid_generate=-luuid
ac_cv_search_zlibVersion=-lz
ac_cv_sizeof_int=4
ac_cv_sizeof_long=4
ac_cv_sizeof_long_long=8
ac_cv_sizeof_off_t=8
ac_cv_sizeof_short=2
ac_cv_sys_errlist_and_sys_nerr=yes
ac_cv_sys_file_offset_bits=64
ac_cv_sys_largefile_CC=no
ac_cv_type_mode_t=yes
ac_cv_type_pid_t=yes
ac_cv_type_ssize_t=yes
am_cv_CC_dependencies_compiler_type=gcc3
am_cv_CXX_dependencies_compiler_type=gcc3
am_cv_make_support_nested_variables=yes
am_cv_prog_cc_c_o=yes
am_cv_prog_tar_ustar=gnutar
ax_cv_cxx_compile_cxx11=no
ax_cv_cxx_compile_cxx11__std_gnupp11=yes
lt_cv_ar_at_file=@
lt_cv_archive_cmds_need_lc=no
lt_cv_deplibs_check_method=pass_all
lt_cv_file_magic_cmd='$MAGIC_CMD'
lt_cv_file_magic_test_file=
lt_cv_ld_reload_flag=-r
lt_cv_nm_interface='BSD nm'
lt_cv_objdir=.libs
lt_cv_path_LD=/usr/bin/ld
lt_cv_path_LDCXX=/usr/bin/ld
lt_cv_path_NM='/usr/bin/nm -B'
lt_cv_path_mainfest_tool=no
lt_cv_prog_compiler_c_o=yes
lt_cv_prog_compiler_c_o_CXX=yes
lt_cv_prog_compiler_pic='-fPIC -DPIC'
lt_cv_prog_compiler_pic_CXX='-fPIC -DPIC'
lt_cv_prog_compiler_pic_works=yes
lt_cv_prog_compiler_pic_works_CXX=yes
lt_cv_prog_compiler_rtti_exceptions=no
lt_cv_prog_compiler_static_works=yes
lt_cv_prog_compiler_static_works_CXX=yes
lt_cv_prog_gnu_ld=yes
lt_cv_prog_gnu_ldcxx=yes
lt_cv_sharedlib_from_linklib_cmd='printf %s\n'
lt_cv_shlibpath_overrides_runpath=no
lt_cv_sys_global_symbol_pipe='sed -n -e '\''s/^.*[	 ]\([ABCDGIRSTW][ABCDGIRSTW]*\)[	 ][	 ]*\([_A-Za-z][_A-Za-z0-9]*\)$/\1 \2 \2/p'\'' | sed '\''/ __gnu_lto/d'\'''
lt_cv_sys_global_symbol_to_c_name_address='sed -n -e '\''s/^: \(.*\) .*$/  {"\1", (void *) 0},/p'\'' -e '\''s/^[ABCDGIRSTW][ABCDGIRSTW]* .* \(.*\)$/  {"\1", (void *) \&\1},/p'\'''
lt_cv_sys_global_symbol_to_c_name_address_lib_prefix='sed -n -e '\''s/^: \(.*\) .*$/  {"\1", (void *) 0},/p'\'' -e '\''s/^[ABCDGIRSTW][ABCDGIRSTW]* .* \(lib.*\)$/  {"\1", (void *) \&\1},/p'\'' -e '\''s/^[ABCDGIRSTW][ABCDGIRSTW]* .* \(.*\)$/  {"lib\1", (void *) \&\1},/p'\'''
lt_cv_sys_global_symbol_to_cdecl='sed -n -e '\''s/^T .* \(.*\)$/extern int \1();/p'\'' -e '\''s/^[ABCDGIRSTW][ABCDGIRSTW]* .* \(.*\)$/extern char \1;/p'\'''
lt_cv_sys_global_symbol_to_import=
lt_cv_sys_max_cmd_len=1572864
lt_cv_to_host_file_cmd=func_convert_file_noop
lt_cv_to_tool_file_cmd=func_convert_file_noop
lt_cv_truncate_bin='/bin/dd bs=4096 count=1'
xo_cv_cxx_works=yes
xo_cv_ldflag_symbolic_functions=yes
xo_cv_pread_prototype=' '
xo_cv_pwrite_prototype=' '
xo_cv_socklen_t_equiv=socklen_t

## ----------------- ##
## Output variables. ##
## ----------------- ##

ACLOCAL='${SHELL} /home/rhino/BDC2.0.1/storage/thirdparty/xapian-core-1.4.0/missing aclocal-1.14 '
AMDEPBACKSLASH='\'
AMDEP_FALSE='#'
AMDEP_TRUE=''
AMTAR='$${TAR-tar}'
AM_BACKSLASH='\'
AM_CXXFLAGS=' -fshow-column -Wall -W -Wredundant-decls -Wpointer-arith -Wcast-qual -Wcast-align -Wno-long-long -Wformat-security -fno-gnu-keywords -Wundef -Woverloaded-virtual -Wstrict-null-sentinel -Wshadow -Wstrict-overflow=1 -Wlogical-op -Wmissing-declarations -Wdouble-promotion -Winit-self -fvisibility=hidden'
AM_DEFAULT_V='$(AM_DEFAULT_VERBOSITY)'
AM_DEFAULT_VERBOSITY='1'
AM_V='$(V)'
AR='ar'
AUTOCONF='${SHELL} /home/rhino/BDC2.0.1/storage/thirdparty/xapian-core-1.4.0/missing autoconf'
AUTOHEADER='${SHELL} /home/rhino/BDC2.0.1/storage/thirdparty/xapian-core-1.4.0/missing autoheader'
AUTOM4TE='autom4te'
AUTOMAKE='${SHELL} /home/rhino/BDC2.0.1/storage/thirdparty/xapian-core-1.4.0/missing automake-1.14'
AWK='gawk'
BUILD_BACKEND_CHERT_FALSE='#'
BUILD_BACKEND_CHERT_OR_GLASS_FALSE='#'
BUILD_BACKEND_CHERT_OR_GLASS_TRUE=''
BUILD_BACKEND_CHERT_TRUE=''
BUILD_BACKEND_GLASS_FALSE='#'
BUILD_BACKEND_GLASS_TRUE=''
BUILD_BACKEND_INMEMORY_FALSE='#'
BUILD_BACKEND_INMEMORY_TRUE=''
BUILD_BACKEND_REMOTE_FALSE='#'
BUILD_BACKEND_REMOTE_TRUE=''
CC='gcc'
CCDEPMODE='depmode=gcc3'
CC_FOR_BUILD='gcc'
CFLAGS='-g -O2'
CPP='gcc -E'
CPPFLAGS=''
CXX='g++'
CXXCPP='g++ -E'
CXXDEPMODE='depmode=gcc3'
CXXFLAGS='-g -O2 -std=gnu++11'
CYGPATH_W='echo'
DEFS='-DHAVE_CONFIG_H'
DEPDIR='.deps'
DLLTOOL='false'
DOCUMENTATION_RULES_FALSE=''
DOCUMENTATION_RULES_TRUE='#'
DOT=''
DOXYGEN=''
DOXYGEN_DOT_PATH=''
DSYMUTIL=''
DUMPBIN=''
EATMYDATA=''
ECHO_C=''
ECHO_N='-n'
ECHO_T=''
EGREP='/bin/grep -E'
EXEEXT=''
FGREP='/bin/grep -F'
FP_EXCESS_PRECISION='no'
GREP='/bin/grep'
HAVE_CXX11=''
HELP2MAN=''
INSTALL_DATA='${INSTALL} -m 644'
INSTALL_PROGRAM='${INSTALL}'
INSTALL_SCRIPT='${INSTALL}'
INSTALL_STRIP_PROGRAM='$(install_sh) -c -s'
LD='/usr/bin/ld'
LDFLAGS=''
LIBOBJS=''
LIBRARY_VERSION_INFO='30:0:0'
LIBRARY_VERSION_SUFFIX=''
LIBS=''
LIBTOOL='$(SHELL) $(top_builddir)/libtool'
LIPO=''
LN_S='ln -s'
LTLIBOBJS=''
LT_SYS_LIBRARY_PATH=''
MAINT='#'
MAINTAINER_MODE_FALSE=''
MAINTAINER_MODE_TRUE='#'
MAINTAINER_NO_DOCS_FALSE=''
MAINTAINER_NO_DOCS_TRUE='#'
MAKEINFO='${SHELL} /home/rhino/BDC2.0.1/storage/thirdparty/xapian-core-1.4.0/missing makeinfo'
MANIFEST_TOOL=':'
MKDIR_P='/bin/mkdir -p'
NM='/usr/bin/nm -B'
NMEDIT=''
NO_INSTALL='-no-install'
NO_UNDEFINED=''
OBJDUMP='objdump'
OBJEXT='o'
OTOOL64=''
OTOOL=''
PACKAGE='xapian-core'
PACKAGE_BUGREPORT='https://xapian.org/bugs'
PACKAGE_NAME='xapian-core'
PACKAGE_STRING='xapian-core 1.4.0'
PACKAGE_TARNAME='xapian-core'
PACKAGE_URL=''
PACKAGE_VERSION='1.4.0'
PATH_SEPARATOR=':'
PERCENT='%'
PERL='/usr/bin/perl'
PNGCRUSH=''
RANLIB='ranlib'
RST2HTML=''
SED='/bin/sed'
SET_MAKE=''
SHELL='/bin/bash'
SHLIBEXT='.so'
STRIP='strip'
USE_WIN32_UUID_API_FALSE=''
USE_WIN32_UUID_API_TRUE='#'
USE_ZLIB_VG_FALSE=''
USE_ZLIB_VG_TRUE='#'
VALGRIND=''
VERSION='1.4.0'
VPATH_BUILD_FALSE=''
VPATH_BUILD_TRUE='#'
XAPIAN_LDFLAGS=' -Bsymbolic-functions'
XAPIAN_LIBS=' -lrt   -lz  -luuid  '
abi_affecting_cxxflags=''
ac_ct_AR='ar'
ac_ct_CC='gcc'
ac_ct_CXX='g++'
ac_ct_DUMPBIN=''
am__EXEEXT_FALSE=''
am__EXEEXT_TRUE='#'
am__fastdepCC_FALSE='#'
am__fastdepCC_TRUE=''
am__fastdepCXX_FALSE='#'
am__fastdepCXX_TRUE=''
am__include='include'
am__isrc=''
am__leading_dot='.'
am__nodep='_no'
am__quote=''
am__tar='tar --format=ustar -chf - "$$tardir"'
am__untar='tar -xf -'
bindir='${exec_prefix}/bin'
build='armv7l-unknown-linux-gnueabihf'
build_alias=''
build_cpu='armv7l'
build_os='linux-gnueabihf'
build_vendor='unknown'
datadir='${datarootdir}'
datarootdir='${prefix}/share'
docdir='${datarootdir}/doc/${PACKAGE_TARNAME}'
dvidir='${docdir}'
exec_prefix='${prefix}'
host='armv7l-unknown-linux-gnueabihf'
host_alias=''
host_cpu='armv7l'
host_os='linux-gnueabihf'
host_vendor='unknown'
htmldir='${docdir}'
incdir='${prefix}/include'
includedir='${prefix}/include'
infodir='${datarootdir}/info'
install_sh='${SHELL} /home/rhino/BDC2.0.1/storage/thirdparty/xapian-core-1.4.0/install-sh'
ldflags=''
libdir='${exec_prefix}/lib'
libexecdir='${exec_prefix}/libexec'
link_all_deplibs_CXX='no'
localedir='${datarootdir}/locale'
localstatedir='${prefix}/var'
mandir='${datarootdir}/man'
mkdir_p='$(MKDIR_P)'
oldincludedir='/usr/include'
pdfdir='${docdir}'
prefix='/usr/local'
program_transform_name='s&$$&&'
psdir='${docdir}'
sbindir='${exec_prefix}/sbin'
sharedstatedir='${prefix}/com'
sysconfdir='${prefix}/etc'
target_alias=''

## ----------- ##
## confdefs.h. ##
## ----------- ##

/* confdefs.h */
#define PACKAGE_NAME "xapian-core"
#define PACKAGE_TARNAME "xapian-core"
#define PACKAGE_VERSION "1.4.0"
#define PACKAGE_STRING "xapian-core 1.4.0"
#define PACKAGE_BUGREPORT "https://xapian.org/bugs"
#define PACKAGE_URL ""
#define PACKAGE "xapian-core"
#define VERSION "1.4.0"
#define STDC_HEADERS 1
#define HAVE_SYS_TYPES_H 1
#define HAVE_SYS_STAT_H 1
#define HAVE_STDLIB_H 1
#define HAVE_STRING_H 1
#define HAVE_MEMORY_H 1
#define HAVE_STRINGS_H 1
#define HAVE_INTTYPES_H 1
#define HAVE_STDINT_H 1
#define HAVE_UNISTD_H 1
#define HAVE_DLFCN_H 1
#define LT_OBJDIR ".libs/"
#define _FILE_OFFSET_BITS 64
#define HAVE_DECL_LOG2 1
#define USE_RTTI 1
#define HAVE_CLOCK_GETTIME 1
#define HAVE_SLEEP 1
#define HAVE_NANOSLEEP 1
#define HAVE_GETTIMEOFDAY 1
#define HAVE_FTIME 1
#define HAVE_TIMER_CREATE 1
#define HAVE_SRANDOM 1
#define HAVE_RANDOM 1
#define HAVE_SIGACTION 1
#define HAVE_SIGSETJMP 1
#define HAVE_GETRUSAGE 1
#define HAVE_TIMES 1
#define HAVE_SYSCONF 1
#define HAVE_SETENV 1
#define HAVE_DIRFD 1
#define HAVE_GETRLIMIT 1
#define HAVE_SYS_UTSNAME_H 1
#define HAVE_GETHOSTNAME 1
#define SIZEOF_SHORT 2
#define SIZEOF_INT 4
#define SIZEOF_LONG 4
#define SIZEOF_LONG_LONG 8
#define HAVE_SYS_TYPES_H 1
#define SIZEOF_OFF_T 8
#define UNSIGNED_OFF_T unsigned long long
#define HAVE_FCNTL_H 1
#define HAVE_LIMITS_H 1
#define HAVE_SYS_ERRNO_H 1
#define HAVE_SYS_SELECT_H 1
#define HAVE_SYS_RESOURCE_H 1
#define HAVE_DECL_STRERROR_R 1
#define HAVE_STRERROR_R 1
#define STRERROR_R_CHAR_P 1
#define HAVE_SYS_ERRLIST_AND_SYS_NERR 1
#define HAVE__SYS_ERRLIST_AND__SYS_NERR 1
#define SNPRINTF_ISO snprintf
#define SNPRINTF snprintf
#define HAVE_ZLIB_H 1
#define HAVE_UUID_UUID_H 1
#define HAVE_UUID_UNPARSE_LOWER 1
#define HAVE_FORK 1
#define HAVE_SOCKETPAIR 1
#define SOCKLEN_T socklen_t
#define HAVE_FDATASYNC 1
#define HAVE_FSYNC 1
#define HAVE_POSIX_FADVISE 1
#define HAVE_FTRUNCATE 1
#define HAVE_PREAD 1
#define HAVE_PWRITE 1
#define HAVE_LINK 1

configure: exit 0
