This file contains any messages produced by compilers while
running configure, to aid debugging if configure makes a mistake.

It was created by xapian-core configure 1.4.0, which was
generated by GNU Autoconf 2.69.  Invocation command line was

  $ ./configure 

## --------- ##
## Platform. ##
## --------- ##

hostname = localhost.localdomain
uname -m = x86_64
uname -r = 3.10.0-229.el7.x86_64
uname -s = Linux
uname -v = #1 SMP Fri Mar 6 11:36:42 UTC 2015

/usr/bin/uname -p = x86_64
/bin/uname -X     = unknown

/bin/arch              = x86_64
/usr/bin/arch -k       = unknown
/usr/convex/getsysinfo = unknown
/usr/bin/hostinfo      = unknown
/bin/machine           = unknown
/usr/bin/oslevel       = unknown
/bin/universe          = unknown

PATH: /usr/local/bin
PATH: /usr/bin
PATH: /usr/local/sbin
PATH: /usr/sbin
PATH: /home/zkb/.local/bin
PATH: /home/zkb/bin


## ----------- ##
## Core tests. ##
## ----------- ##

configure:2941: checking for a BSD-compatible install
configure:3009: result: /usr/bin/install -c
configure:3020: checking whether build environment is sane
configure:3075: result: yes
configure:3226: checking for a thread-safe mkdir -p
configure:3265: result: /usr/bin/mkdir -p
configure:3272: checking for gawk
configure:3288: found /usr/bin/gawk
configure:3299: result: gawk
configure:3310: checking whether make sets $(MAKE)
configure:3332: result: yes
configure:3361: checking whether make supports nested variables
configure:3378: result: yes
configure:3467: checking whether UID '1000' is supported by ustar format
configure:3470: result: yes
configure:3477: checking whether GID '1000' is supported by ustar format
configure:3480: result: yes
configure:3488: checking how to create a ustar tar archive
configure:3499: tar --version
tar (GNU tar) 1.26
Copyright (C) 2011 Free Software Foundation, Inc.
License GPLv3+: GNU GPL version 3 or later <http://gnu.org/licenses/gpl.html>.
This is free software: you are free to change and redistribute it.
There is NO WARRANTY, to the extent permitted by law.

Written by John Gilmore and Jay Fenlason.
configure:3502: $? = 0
configure:3542: tardir=conftest.dir && eval tar --format=ustar -chf - "$tardir" >conftest.tar
configure:3545: $? = 0
configure:3549: tar -xf - <conftest.tar
configure:3552: $? = 0
configure:3554: cat conftest.dir/file
GrepMe
configure:3557: $? = 0
configure:3570: result: gnutar
configure:3615: checking build system type
configure:3629: result: x86_64-pc-linux-gnu
configure:3649: checking host system type
configure:3662: result: x86_64-pc-linux-gnu
configure:3703: checking how to print strings
configure:3730: result: printf
configure:3763: checking for style of include used by make
configure:3791: result: GNU
configure:3862: checking for gcc
configure:3878: found /usr/bin/gcc
configure:3889: result: gcc
configure:4118: checking for C compiler version
configure:4127: gcc --version >&5
gcc (GCC) 4.8.5 20150623 (Red Hat 4.8.5-4)
Copyright (C) 2015 Free Software Foundation, Inc.
This is free software; see the source for copying conditions.  There is NO
warranty; not even for MERCHANTABILITY or FITNESS FOR A PARTICULAR PURPOSE.

configure:4138: $? = 0
configure:4127: gcc -v >&5
Using built-in specs.
COLLECT_GCC=gcc
COLLECT_LTO_WRAPPER=/usr/libexec/gcc/x86_64-redhat-linux/4.8.5/lto-wrapper
Target: x86_64-redhat-linux
Configured with: ../configure --prefix=/usr --mandir=/usr/share/man --infodir=/usr/share/info --with-bugurl=http://bugzilla.redhat.com/bugzilla --enable-bootstrap --enable-shared --enable-threads=posix --enable-checking=release --with-system-zlib --enable-__cxa_atexit --disable-libunwind-exceptions --enable-gnu-unique-object --enable-linker-build-id --with-linker-hash-style=gnu --enable-languages=c,c++,objc,obj-c++,java,fortran,ada,go,lto --enable-plugin --enable-initfini-array --disable-libgcj --with-isl=/builddir/build/BUILD/gcc-4.8.5-20150702/obj-x86_64-redhat-linux/isl-install --with-cloog=/builddir/build/BUILD/gcc-4.8.5-20150702/obj-x86_64-redhat-linux/cloog-install --enable-gnu-indirect-function --with-tune=generic --with-arch_32=x86-64 --build=x86_64-redhat-linux
Thread model: posix
gcc version 4.8.5 20150623 (Red Hat 4.8.5-4) (GCC) 
configure:4138: $? = 0
configure:4127: gcc -V >&5
gcc: error: unrecognized command line option '-V'
gcc: fatal error: no input files
compilation terminated.
configure:4138: $? = 4
configure:4127: gcc -qversion >&5
gcc: error: unrecognized command line option '-qversion'
gcc: fatal error: no input files
compilation terminated.
configure:4138: $? = 4
configure:4158: checking whether the C compiler works
configure:4180: gcc    conftest.c  >&5
configure:4184: $? = 0
configure:4232: result: yes
configure:4235: checking for C compiler default output file name
configure:4237: result: a.out
configure:4243: checking for suffix of executables
configure:4250: gcc -o conftest    conftest.c  >&5
configure:4254: $? = 0
configure:4276: result: 
configure:4298: checking whether we are cross compiling
configure:4306: gcc -o conftest    conftest.c  >&5
configure:4310: $? = 0
configure:4317: ./conftest
configure:4321: $? = 0
configure:4336: result: no
configure:4341: checking for suffix of object files
configure:4363: gcc -c   conftest.c >&5
configure:4367: $? = 0
configure:4388: result: o
configure:4392: checking whether we are using the GNU C compiler
configure:4411: gcc -c   conftest.c >&5
configure:4411: $? = 0
configure:4420: result: yes
configure:4429: checking whether gcc accepts -g
configure:4449: gcc -c -g  conftest.c >&5
configure:4449: $? = 0
configure:4490: result: yes
configure:4507: checking for gcc option to accept ISO C89
configure:4570: gcc  -c -g -O2  conftest.c >&5
configure:4570: $? = 0
configure:4583: result: none needed
configure:4605: checking dependency style of gcc
configure:4716: result: gcc3
configure:4731: checking for a sed that does not truncate output
configure:4795: result: /usr/bin/sed
configure:4813: checking for grep that handles long lines and -e
configure:4871: result: /usr/bin/grep
configure:4876: checking for egrep
configure:4938: result: /usr/bin/grep -E
configure:4943: checking for fgrep
configure:5005: result: /usr/bin/grep -F
configure:5040: checking for ld used by gcc
configure:5107: result: /usr/bin/ld
configure:5114: checking if the linker (/usr/bin/ld) is GNU ld
configure:5129: result: yes
configure:5141: checking for BSD- or MS-compatible name lister (nm)
configure:5195: result: /usr/bin/nm -B
configure:5325: checking the name lister (/usr/bin/nm -B) interface
configure:5332: gcc -c -g -O2  conftest.c >&5
configure:5335: /usr/bin/nm -B "conftest.o"
configure:5338: output
0000000000000000 B some_variable
configure:5345: result: BSD nm
configure:5348: checking whether ln -s works
configure:5352: result: yes
configure:5360: checking the maximum length of command line arguments
configure:5491: result: 1572864
configure:5539: checking how to convert x86_64-pc-linux-gnu file names to x86_64-pc-linux-gnu format
configure:5579: result: func_convert_file_noop
configure:5586: checking how to convert x86_64-pc-linux-gnu file names to toolchain format
configure:5606: result: func_convert_file_noop
configure:5613: checking for /usr/bin/ld option to reload object files
configure:5620: result: -r
configure:5694: checking for objdump
configure:5710: found /usr/bin/objdump
configure:5721: result: objdump
configure:5753: checking how to recognize dependent libraries
configure:5953: result: pass_all
configure:6038: checking for dlltool
configure:6068: result: no
configure:6098: checking how to associate runtime and link libraries
configure:6125: result: printf %s\n
configure:6186: checking for ar
configure:6202: found /usr/bin/ar
configure:6213: result: ar
configure:6250: checking for archiver @FILE support
configure:6267: gcc -c -g -O2  conftest.c >&5
configure:6267: $? = 0
configure:6270: ar cru libconftest.a @conftest.lst >&5
configure:6273: $? = 0
configure:6278: ar cru libconftest.a @conftest.lst >&5
ar: conftest.o: No such file or directory
configure:6281: $? = 1
configure:6293: result: @
configure:6351: checking for strip
configure:6367: found /usr/bin/strip
configure:6378: result: strip
configure:6450: checking for ranlib
configure:6466: found /usr/bin/ranlib
configure:6477: result: ranlib
configure:6579: checking command to parse /usr/bin/nm -B output from gcc object
configure:6732: gcc -c -g -O2  conftest.c >&5
configure:6735: $? = 0
configure:6739: /usr/bin/nm -B conftest.o \| sed -n -e 's/^.*[ ]\([ABCDGIRSTW][ABCDGIRSTW]*\)[ ][ ]*\([_A-Za-z][_A-Za-z0-9]*\)$/\1 \2 \2/p' | sed '/ __gnu_lto/d' \> conftest.nm
configure:6742: $? = 0
configure:6808: gcc -o conftest -g -O2   conftest.c conftstm.o >&5
configure:6811: $? = 0
configure:6849: result: ok
configure:6896: checking for sysroot
configure:6926: result: no
configure:6933: checking for a working dd
configure:6971: result: /usr/bin/dd
configure:6975: checking how to truncate binary pipes
configure:6990: result: /usr/bin/dd bs=4096 count=1
configure:7126: gcc -c -g -O2  conftest.c >&5
configure:7129: $? = 0
configure:7319: checking for mt
configure:7349: result: no
configure:7369: checking if : is a manifest tool
configure:7375: : '-?'
configure:7383: result: no
configure:8060: checking how to run the C preprocessor
configure:8091: gcc -E  conftest.c
configure:8091: $? = 0
configure:8105: gcc -E  conftest.c
conftest.c:11:28: fatal error: ac_nonexistent.h: No such file or directory
 #include <ac_nonexistent.h>
                            ^
compilation terminated.
configure:8105: $? = 1
configure: failed program was:
| /* confdefs.h */
| #define PACKAGE_NAME "xapian-core"
| #define PACKAGE_TARNAME "xapian-core"
| #define PACKAGE_VERSION "1.4.0"
| #define PACKAGE_STRING "xapian-core 1.4.0"
| #define PACKAGE_BUGREPORT "https://xapian.org/bugs"
| #define PACKAGE_URL ""
| #define PACKAGE "xapian-core"
| #define VERSION "1.4.0"
| /* end confdefs.h.  */
| #include <ac_nonexistent.h>
configure:8130: result: gcc -E
configure:8150: gcc -E  conftest.c
configure:8150: $? = 0
configure:8164: gcc -E  conftest.c
conftest.c:11:28: fatal error: ac_nonexistent.h: No such file or directory
 #include <ac_nonexistent.h>
                            ^
compilation terminated.
configure:8164: $? = 1
configure: failed program was:
| /* confdefs.h */
| #define PACKAGE_NAME "xapian-core"
| #define PACKAGE_TARNAME "xapian-core"
| #define PACKAGE_VERSION "1.4.0"
| #define PACKAGE_STRING "xapian-core 1.4.0"
| #define PACKAGE_BUGREPORT "https://xapian.org/bugs"
| #define PACKAGE_URL ""
| #define PACKAGE "xapian-core"
| #define VERSION "1.4.0"
| /* end confdefs.h.  */
| #include <ac_nonexistent.h>
configure:8193: checking for ANSI C header files
configure:8213: gcc -c -g -O2  conftest.c >&5
configure:8213: $? = 0
configure:8286: gcc -o conftest -g -O2   conftest.c  >&5
configure:8286: $? = 0
configure:8286: ./conftest
configure:8286: $? = 0
configure:8297: result: yes
configure:8310: checking for sys/types.h
configure:8310: gcc -c -g -O2  conftest.c >&5
configure:8310: $? = 0
configure:8310: result: yes
configure:8310: checking for sys/stat.h
configure:8310: gcc -c -g -O2  conftest.c >&5
configure:8310: $? = 0
configure:8310: result: yes
configure:8310: checking for stdlib.h
configure:8310: gcc -c -g -O2  conftest.c >&5
configure:8310: $? = 0
configure:8310: result: yes
configure:8310: checking for string.h
configure:8310: gcc -c -g -O2  conftest.c >&5
configure:8310: $? = 0
configure:8310: result: yes
configure:8310: checking for memory.h
configure:8310: gcc -c -g -O2  conftest.c >&5
configure:8310: $? = 0
configure:8310: result: yes
configure:8310: checking for strings.h
configure:8310: gcc -c -g -O2  conftest.c >&5
configure:8310: $? = 0
configure:8310: result: yes
configure:8310: checking for inttypes.h
configure:8310: gcc -c -g -O2  conftest.c >&5
configure:8310: $? = 0
configure:8310: result: yes
configure:8310: checking for stdint.h
configure:8310: gcc -c -g -O2  conftest.c >&5
configure:8310: $? = 0
configure:8310: result: yes
configure:8310: checking for unistd.h
configure:8310: gcc -c -g -O2  conftest.c >&5
configure:8310: $? = 0
configure:8310: result: yes
configure:8324: checking for dlfcn.h
configure:8324: gcc -c -g -O2  conftest.c >&5
configure:8324: $? = 0
configure:8324: result: yes
configure:8579: checking for objdir
configure:8594: result: .libs
configure:8858: checking if gcc supports -fno-rtti -fno-exceptions
configure:8876: gcc -c -g -O2  -fno-rtti -fno-exceptions conftest.c >&5
cc1: warning: command line option '-fno-rtti' is valid for C++/ObjC++ but not for C [enabled by default]
configure:8880: $? = 0
configure:8893: result: no
configure:9251: checking for gcc option to produce PIC
configure:9258: result: -fPIC -DPIC
configure:9266: checking if gcc PIC flag -fPIC -DPIC works
configure:9284: gcc -c -g -O2  -fPIC -DPIC -DPIC conftest.c >&5
configure:9288: $? = 0
configure:9301: result: yes
configure:9330: checking if gcc static flag -static works
configure:9358: result: no
configure:9373: checking if gcc supports -c -o file.o
configure:9394: gcc -c -g -O2  -o out/conftest2.o conftest.c >&5
configure:9398: $? = 0
configure:9420: result: yes
configure:9428: checking if gcc supports -c -o file.o
configure:9475: result: yes
configure:9508: checking whether the gcc linker (/usr/bin/ld -m elf_x86_64) supports shared libraries
configure:10767: result: yes
configure:10804: checking whether -lc should be explicitly linked in
configure:10812: gcc -c -g -O2  conftest.c >&5
configure:10815: $? = 0
configure:10830: gcc -shared  -fPIC -DPIC conftest.o  -v -Wl,-soname -Wl,conftest -o conftest 2\>\&1 \| /usr/bin/grep  -lc  \>/dev/null 2\>\&1
configure:10833: $? = 0
configure:10847: result: no
configure:11007: checking dynamic linker characteristics
configure:11588: gcc -o conftest -g -O2   -Wl,-rpath -Wl,/foo conftest.c  >&5
configure:11588: $? = 0
configure:11825: result: GNU/Linux ld.so
configure:11947: checking how to hardcode library paths into programs
configure:11972: result: immediate
configure:12520: checking whether stripping libraries is possible
configure:12525: result: yes
configure:12560: checking if libtool supports shared libraries
configure:12562: result: yes
configure:12565: checking whether to build shared libraries
configure:12590: result: yes
configure:12593: checking whether to build static libraries
configure:12597: result: no
configure:12662: checking whether to enable maintainer-specific portions of Makefiles
configure:12671: result: no
configure:12743: checking for g++
configure:12759: found /usr/bin/g++
configure:12770: result: g++
configure:12797: checking for C++ compiler version
configure:12806: g++ --version >&5
g++ (GCC) 4.8.5 20150623 (Red Hat 4.8.5-4)
Copyright (C) 2015 Free Software Foundation, Inc.
This is free software; see the source for copying conditions.  There is NO
warranty; not even for MERCHANTABILITY or FITNESS FOR A PARTICULAR PURPOSE.

configure:12817: $? = 0
configure:12806: g++ -v >&5
Using built-in specs.
COLLECT_GCC=g++
COLLECT_LTO_WRAPPER=/usr/libexec/gcc/x86_64-redhat-linux/4.8.5/lto-wrapper
Target: x86_64-redhat-linux
Configured with: ../configure --prefix=/usr --mandir=/usr/share/man --infodir=/usr/share/info --with-bugurl=http://bugzilla.redhat.com/bugzilla --enable-bootstrap --enable-shared --enable-threads=posix --enable-checking=release --with-system-zlib --enable-__cxa_atexit --disable-libunwind-exceptions --enable-gnu-unique-object --enable-linker-build-id --with-linker-hash-style=gnu --enable-languages=c,c++,objc,obj-c++,java,fortran,ada,go,lto --enable-plugin --enable-initfini-array --disable-libgcj --with-isl=/builddir/build/BUILD/gcc-4.8.5-20150702/obj-x86_64-redhat-linux/isl-install --with-cloog=/builddir/build/BUILD/gcc-4.8.5-20150702/obj-x86_64-redhat-linux/cloog-install --enable-gnu-indirect-function --with-tune=generic --with-arch_32=x86-64 --build=x86_64-redhat-linux
Thread model: posix
gcc version 4.8.5 20150623 (Red Hat 4.8.5-4) (GCC) 
configure:12817: $? = 0
configure:12806: g++ -V >&5
g++: error: unrecognized command line option '-V'
g++: fatal error: no input files
compilation terminated.
configure:12817: $? = 4
configure:12806: g++ -qversion >&5
g++: error: unrecognized command line option '-qversion'
g++: fatal error: no input files
compilation terminated.
configure:12817: $? = 4
configure:12821: checking whether we are using the GNU C++ compiler
configure:12840: g++ -c   conftest.cpp >&5
configure:12840: $? = 0
configure:12849: result: yes
configure:12858: checking whether g++ accepts -g
configure:12878: g++ -c -g  conftest.cpp >&5
configure:12878: $? = 0
configure:12919: result: yes
configure:12944: checking dependency style of g++
configure:13055: result: gcc3
configure:13088: checking how to run the C++ preprocessor
configure:13115: g++ -E  conftest.cpp
configure:13115: $? = 0
configure:13129: g++ -E  conftest.cpp
conftest.cpp:23:28: fatal error: ac_nonexistent.h: No such file or directory
 #include <ac_nonexistent.h>
                            ^
compilation terminated.
configure:13129: $? = 1
configure: failed program was:
| /* confdefs.h */
| #define PACKAGE_NAME "xapian-core"
| #define PACKAGE_TARNAME "xapian-core"
| #define PACKAGE_VERSION "1.4.0"
| #define PACKAGE_STRING "xapian-core 1.4.0"
| #define PACKAGE_BUGREPORT "https://xapian.org/bugs"
| #define PACKAGE_URL ""
| #define PACKAGE "xapian-core"
| #define VERSION "1.4.0"
| #define STDC_HEADERS 1
| #define HAVE_SYS_TYPES_H 1
| #define HAVE_SYS_STAT_H 1
| #define HAVE_STDLIB_H 1
| #define HAVE_STRING_H 1
| #define HAVE_MEMORY_H 1
| #define HAVE_STRINGS_H 1
| #define HAVE_INTTYPES_H 1
| #define HAVE_STDINT_H 1
| #define HAVE_UNISTD_H 1
| #define HAVE_DLFCN_H 1
| #define LT_OBJDIR ".libs/"
| /* end confdefs.h.  */
| #include <ac_nonexistent.h>
configure:13154: result: g++ -E
configure:13174: g++ -E  conftest.cpp
configure:13174: $? = 0
configure:13188: g++ -E  conftest.cpp
conftest.cpp:23:28: fatal error: ac_nonexistent.h: No such file or directory
 #include <ac_nonexistent.h>
                            ^
compilation terminated.
configure:13188: $? = 1
configure: failed program was:
| /* confdefs.h */
| #define PACKAGE_NAME "xapian-core"
| #define PACKAGE_TARNAME "xapian-core"
| #define PACKAGE_VERSION "1.4.0"
| #define PACKAGE_STRING "xapian-core 1.4.0"
| #define PACKAGE_BUGREPORT "https://xapian.org/bugs"
| #define PACKAGE_URL ""
| #define PACKAGE "xapian-core"
| #define VERSION "1.4.0"
| #define STDC_HEADERS 1
| #define HAVE_SYS_TYPES_H 1
| #define HAVE_SYS_STAT_H 1
| #define HAVE_STDLIB_H 1
| #define HAVE_STRING_H 1
| #define HAVE_MEMORY_H 1
| #define HAVE_STRINGS_H 1
| #define HAVE_INTTYPES_H 1
| #define HAVE_STDINT_H 1
| #define HAVE_UNISTD_H 1
| #define HAVE_DLFCN_H 1
| #define LT_OBJDIR ".libs/"
| /* end confdefs.h.  */
| #include <ac_nonexistent.h>
configure:13350: checking for ld used by g++
configure:13417: result: /usr/bin/ld -m elf_x86_64
configure:13424: checking if the linker (/usr/bin/ld -m elf_x86_64) is GNU ld
configure:13439: result: yes
configure:13494: checking whether the g++ linker (/usr/bin/ld -m elf_x86_64) supports shared libraries
configure:14567: result: yes
configure:14603: g++ -c -g -O2  conftest.cpp >&5
configure:14606: $? = 0
configure:15087: checking for g++ option to produce PIC
configure:15094: result: -fPIC -DPIC
configure:15102: checking if g++ PIC flag -fPIC -DPIC works
configure:15120: g++ -c -g -O2  -fPIC -DPIC -DPIC conftest.cpp >&5
configure:15124: $? = 0
configure:15137: result: yes
configure:15160: checking if g++ static flag -static works
configure:15188: result: no
configure:15200: checking if g++ supports -c -o file.o
configure:15221: g++ -c -g -O2  -o out/conftest2.o conftest.cpp >&5
configure:15225: $? = 0
configure:15247: result: yes
configure:15252: checking if g++ supports -c -o file.o
configure:15299: result: yes
configure:15329: checking whether the g++ linker (/usr/bin/ld -m elf_x86_64) supports shared libraries
configure:15369: result: yes
configure:15510: checking dynamic linker characteristics
configure:16255: result: GNU/Linux ld.so
configure:16320: checking how to hardcode library paths into programs
configure:16345: result: immediate
/sbin/ldconfig: Can't stat /libx32: No such file or directory
/sbin/ldconfig: Path `/usr/lib' given more than once
/sbin/ldconfig: Path `/usr/lib64' given more than once
/sbin/ldconfig: Can't stat /usr/libx32: No such file or directory
configure:16417: checking whether g++ is a working C++ compiler
configure:16447: g++ -o conftest -g -O2   conftest.cpp  >&5
configure:16447: $? = 0
configure:16447: ./conftest
configure:16447: $? = 0
configure:16459: result: yes
configure:16494: checking whether g++ supports C++11 features by default
configure:16551: g++ -c -g -O2  conftest.cpp >&5
conftest.cpp:27:21: error: expected identifier before 'sizeof'
       static_assert(sizeof(int) <= sizeof(T), "not big enough");
                     ^
conftest.cpp:27:21: error: expected ',' or '...' before 'sizeof'
conftest.cpp:27:63: error: ISO C++ forbids declaration of 'static_assert' with no type [-fpermissive]
       static_assert(sizeof(int) <= sizeof(T), "not big enough");
                                                               ^
conftest.cpp:34:20: warning: override controls (override/final) only available with -std=c++11 or -std=gnu++11 [enabled by default]
     virtual void f() override {}
                    ^
conftest.cpp:37:29: error: '>>' should be '> >' within a nested template argument list
     typedef check<check<bool>> right_angle_brackets;
                             ^
conftest.cpp:40:13: error: expected constructor, destructor, or type conversion before '(' token
     decltype(a) b;
             ^
conftest.cpp:44:15: error: expected unqualified-id before '&&' token
     check_type&& cr = static_cast<check_type&&>(c);
               ^
conftest.cpp:46:10: error: 'd' does not name a type
     auto d = a;
          ^
conftest.cpp:47:10: error: 'l' does not name a type
     auto l = [](){};
          ^
conftest.cpp: In constructor 'use_l::use_l()':
conftest.cpp:49:32: error: 'l' was not declared in this scope
     struct use_l { use_l() { l(); } };
                                ^
conftest.cpp: At global scope:
conftest.cpp:57:9: error: expected unqualified-id before 'using'
         using member = typename T::member_type;
         ^
conftest.cpp:63:19: error: variable or field 'func' declared void
         void func(member<T>*) {}
                   ^
conftest.cpp:63:19: error: 'member' was not declared in this scope
conftest.cpp:63:27: error: expected primary-expression before '>' token
         void func(member<T>*) {}
                           ^
conftest.cpp:63:29: error: expected primary-expression before ')' token
         void func(member<T>*) {}
                             ^
configure:16551: $? = 1
configure: failed program was:
| /* confdefs.h */
| #define PACKAGE_NAME "xapian-core"
| #define PACKAGE_TARNAME "xapian-core"
| #define PACKAGE_VERSION "1.4.0"
| #define PACKAGE_STRING "xapian-core 1.4.0"
| #define PACKAGE_BUGREPORT "https://xapian.org/bugs"
| #define PACKAGE_URL ""
| #define PACKAGE "xapian-core"
| #define VERSION "1.4.0"
| #define STDC_HEADERS 1
| #define HAVE_SYS_TYPES_H 1
| #define HAVE_SYS_STAT_H 1
| #define HAVE_STDLIB_H 1
| #define HAVE_STRING_H 1
| #define HAVE_MEMORY_H 1
| #define HAVE_STRINGS_H 1
| #define HAVE_INTTYPES_H 1
| #define HAVE_STDINT_H 1
| #define HAVE_UNISTD_H 1
| #define HAVE_DLFCN_H 1
| #define LT_OBJDIR ".libs/"
| /* end confdefs.h.  */
| 
|   template <typename T>
|     struct check
|     {
|       static_assert(sizeof(int) <= sizeof(T), "not big enough");
|     };
| 
|     struct Base {
|     virtual void f() {}
|     };
|     struct Child : public Base {
|     virtual void f() override {}
|     };
| 
|     typedef check<check<bool>> right_angle_brackets;
| 
|     int a;
|     decltype(a) b;
| 
|     typedef check<int> check_type;
|     check_type c;
|     check_type&& cr = static_cast<check_type&&>(c);
| 
|     auto d = a;
|     auto l = [](){};
|     // Prevent Clang error: unused variable 'l' [-Werror,-Wunused-variable]
|     struct use_l { use_l() { l(); } };
| 
|     // http://stackoverflow.com/questions/13728184/template-aliases-and-sfinae
|     // Clang 3.1 fails with headers of libstd++ 4.8.3 when using std::function because of this
|     namespace test_template_alias_sfinae {
|         struct foo {};
| 
|         template<typename T>
|         using member = typename T::member_type;
| 
|         template<typename T>
|         void func(...) {}
| 
|         template<typename T>
|         void func(member<T>*) {}
| 
|         void test();
| 
|         void test() {
|             func<foo>(0);
|         }
|     }
| 
configure:16558: result: no
configure:16567: checking whether g++ supports C++11 features with -std=gnu++11
configure:16626: g++ -c -g -O2 -std=gnu++11  conftest.cpp >&5
configure:16626: $? = 0
configure:16635: result: yes
configure:16799: checking for gcc
configure:16826: result: gcc
configure:17055: checking for C compiler version
configure:17064: gcc --version >&5
gcc (GCC) 4.8.5 20150623 (Red Hat 4.8.5-4)
Copyright (C) 2015 Free Software Foundation, Inc.
This is free software; see the source for copying conditions.  There is NO
warranty; not even for MERCHANTABILITY or FITNESS FOR A PARTICULAR PURPOSE.

configure:17075: $? = 0
configure:17064: gcc -v >&5
Using built-in specs.
COLLECT_GCC=gcc
COLLECT_LTO_WRAPPER=/usr/libexec/gcc/x86_64-redhat-linux/4.8.5/lto-wrapper
Target: x86_64-redhat-linux
Configured with: ../configure --prefix=/usr --mandir=/usr/share/man --infodir=/usr/share/info --with-bugurl=http://bugzilla.redhat.com/bugzilla --enable-bootstrap --enable-shared --enable-threads=posix --enable-checking=release --with-system-zlib --enable-__cxa_atexit --disable-libunwind-exceptions --enable-gnu-unique-object --enable-linker-build-id --with-linker-hash-style=gnu --enable-languages=c,c++,objc,obj-c++,java,fortran,ada,go,lto --enable-plugin --enable-initfini-array --disable-libgcj --with-isl=/builddir/build/BUILD/gcc-4.8.5-20150702/obj-x86_64-redhat-linux/isl-install --with-cloog=/builddir/build/BUILD/gcc-4.8.5-20150702/obj-x86_64-redhat-linux/cloog-install --enable-gnu-indirect-function --with-tune=generic --with-arch_32=x86-64 --build=x86_64-redhat-linux
Thread model: posix
gcc version 4.8.5 20150623 (Red Hat 4.8.5-4) (GCC) 
configure:17075: $? = 0
configure:17064: gcc -V >&5
gcc: error: unrecognized command line option '-V'
gcc: fatal error: no input files
compilation terminated.
configure:17075: $? = 4
configure:17064: gcc -qversion >&5
gcc: error: unrecognized command line option '-qversion'
gcc: fatal error: no input files
compilation terminated.
configure:17075: $? = 4
configure:17079: checking whether we are using the GNU C compiler
configure:17107: result: yes
configure:17116: checking whether gcc accepts -g
configure:17177: result: yes
configure:17194: checking for gcc option to accept ISO C89
configure:17270: result: none needed
configure:17292: checking dependency style of gcc
configure:17403: result: gcc3
configure:17419: checking whether byte ordering is bigendian
configure:17434: g++ -c -g -O2 -std=gnu++11  conftest.cpp >&5
conftest.cpp:24:9: error: expected unqualified-id before 'not' token
         not a universal capable compiler
         ^
configure:17434: $? = 1
configure: failed program was:
| /* confdefs.h */
| #define PACKAGE_NAME "xapian-core"
| #define PACKAGE_TARNAME "xapian-core"
| #define PACKAGE_VERSION "1.4.0"
| #define PACKAGE_STRING "xapian-core 1.4.0"
| #define PACKAGE_BUGREPORT "https://xapian.org/bugs"
| #define PACKAGE_URL ""
| #define PACKAGE "xapian-core"
| #define VERSION "1.4.0"
| #define STDC_HEADERS 1
| #define HAVE_SYS_TYPES_H 1
| #define HAVE_SYS_STAT_H 1
| #define HAVE_STDLIB_H 1
| #define HAVE_STRING_H 1
| #define HAVE_MEMORY_H 1
| #define HAVE_STRINGS_H 1
| #define HAVE_INTTYPES_H 1
| #define HAVE_STDINT_H 1
| #define HAVE_UNISTD_H 1
| #define HAVE_DLFCN_H 1
| #define LT_OBJDIR ".libs/"
| /* end confdefs.h.  */
| #ifndef __APPLE_CC__
| 	       not a universal capable compiler
| 	     #endif
| 	     typedef int dummy;
| 
configure:17479: g++ -c -g -O2 -std=gnu++11  conftest.cpp >&5
configure:17479: $? = 0
configure:17497: g++ -c -g -O2 -std=gnu++11  conftest.cpp >&5
conftest.cpp: In function 'int main()':
conftest.cpp:30:8: error: 'big' was not declared in this scope
    not big endian
        ^
conftest.cpp:30:12: error: expected ';' before 'endian'
    not big endian
            ^
configure:17497: $? = 1
configure: failed program was:
| /* confdefs.h */
| #define PACKAGE_NAME "xapian-core"
| #define PACKAGE_TARNAME "xapian-core"
| #define PACKAGE_VERSION "1.4.0"
| #define PACKAGE_STRING "xapian-core 1.4.0"
| #define PACKAGE_BUGREPORT "https://xapian.org/bugs"
| #define PACKAGE_URL ""
| #define PACKAGE "xapian-core"
| #define VERSION "1.4.0"
| #define STDC_HEADERS 1
| #define HAVE_SYS_TYPES_H 1
| #define HAVE_SYS_STAT_H 1
| #define HAVE_STDLIB_H 1
| #define HAVE_STRING_H 1
| #define HAVE_MEMORY_H 1
| #define HAVE_STRINGS_H 1
| #define HAVE_INTTYPES_H 1
| #define HAVE_STDINT_H 1
| #define HAVE_UNISTD_H 1
| #define HAVE_DLFCN_H 1
| #define LT_OBJDIR ".libs/"
| /* end confdefs.h.  */
| #include <sys/types.h>
| 		#include <sys/param.h>
| 
| int
| main ()
| {
| #if BYTE_ORDER != BIG_ENDIAN
| 		 not big endian
| 		#endif
| 
|   ;
|   return 0;
| }
configure:17625: result: no
configure:17667: checking for special C compiler options needed for large files
configure:17712: result: no
configure:17718: checking for _FILE_OFFSET_BITS value needed for large files
configure:17743: g++ -c -g -O2 -std=gnu++11  conftest.cpp >&5
configure:17743: $? = 0
configure:17775: result: no
configure:17936: checking if -lm is required for maths functions
configure:17958: g++ -o conftest -g -O2 -std=gnu++11   conftest.cpp  >&5
configure:17958: $? = 0
configure:17959: result: no
configure:17994: checking whether log2 is declared
configure:17994: g++ -c -g -O2 -std=gnu++11  conftest.cpp >&5
configure:17994: $? = 0
configure:17994: result: yes
configure:18007: checking if RTTI is supported
configure:18024: g++ -c -g -O2 -std=gnu++11 -qhaltonmsg=1540-2412  conftest.cpp >&5
g++: error: unrecognized command line option '-qhaltonmsg=1540-2412'
configure:18024: $? = 1
configure: failed program was:
| /* confdefs.h */
| #define PACKAGE_NAME "xapian-core"
| #define PACKAGE_TARNAME "xapian-core"
| #define PACKAGE_VERSION "1.4.0"
| #define PACKAGE_STRING "xapian-core 1.4.0"
| #define PACKAGE_BUGREPORT "https://xapian.org/bugs"
| #define PACKAGE_URL ""
| #define PACKAGE "xapian-core"
| #define VERSION "1.4.0"
| #define STDC_HEADERS 1
| #define HAVE_SYS_TYPES_H 1
| #define HAVE_SYS_STAT_H 1
| #define HAVE_STDLIB_H 1
| #define HAVE_STRING_H 1
| #define HAVE_MEMORY_H 1
| #define HAVE_STRINGS_H 1
| #define HAVE_INTTYPES_H 1
| #define HAVE_STDINT_H 1
| #define HAVE_UNISTD_H 1
| #define HAVE_DLFCN_H 1
| #define LT_OBJDIR ".libs/"
| #define HAVE_DECL_LOG2 1
| /* end confdefs.h.  */
| 
| int
| main ()
| {
| 
|   ;
|   return 0;
| }
configure:18053: g++ -c -g -O2 -std=gnu++11  conftest.cpp >&5
configure:18053: $? = 0
configure:18054: result: yes
configure:18069: checking for clock_gettime
configure:18069: g++ -o conftest -g -O2 -std=gnu++11   conftest.cpp  >&5
configure:18069: $? = 0
configure:18069: result: yes
configure:18069: checking for sleep
configure:18069: g++ -o conftest -g -O2 -std=gnu++11   conftest.cpp  >&5
configure:18069: $? = 0
configure:18069: result: yes
configure:18069: checking for nanosleep
configure:18069: g++ -o conftest -g -O2 -std=gnu++11   conftest.cpp  >&5
configure:18069: $? = 0
configure:18069: result: yes
configure:18069: checking for gettimeofday
configure:18069: g++ -o conftest -g -O2 -std=gnu++11   conftest.cpp  >&5
configure:18069: $? = 0
configure:18069: result: yes
configure:18069: checking for ftime
configure:18069: g++ -o conftest -g -O2 -std=gnu++11   conftest.cpp  >&5
configure:18069: $? = 0
configure:18069: result: yes
configure:18091: checking for library containing timer_create
configure:18122: g++ -o conftest -g -O2 -std=gnu++11   conftest.cpp  >&5
/tmp/ccvCIxP9.o: In function `main':
/home/zkb/zkb/xapian-core-1.4.0/conftest.cpp:41: undefined reference to `timer_create'
collect2: error: ld returned 1 exit status
configure:18122: $? = 1
configure: failed program was:
| /* confdefs.h */
| #define PACKAGE_NAME "xapian-core"
| #define PACKAGE_TARNAME "xapian-core"
| #define PACKAGE_VERSION "1.4.0"
| #define PACKAGE_STRING "xapian-core 1.4.0"
| #define PACKAGE_BUGREPORT "https://xapian.org/bugs"
| #define PACKAGE_URL ""
| #define PACKAGE "xapian-core"
| #define VERSION "1.4.0"
| #define STDC_HEADERS 1
| #define HAVE_SYS_TYPES_H 1
| #define HAVE_SYS_STAT_H 1
| #define HAVE_STDLIB_H 1
| #define HAVE_STRING_H 1
| #define HAVE_MEMORY_H 1
| #define HAVE_STRINGS_H 1
| #define HAVE_INTTYPES_H 1
| #define HAVE_STDINT_H 1
| #define HAVE_UNISTD_H 1
| #define HAVE_DLFCN_H 1
| #define LT_OBJDIR ".libs/"
| #define HAVE_DECL_LOG2 1
| #define USE_RTTI 1
| #define HAVE_CLOCK_GETTIME 1
| #define HAVE_SLEEP 1
| #define HAVE_NANOSLEEP 1
| #define HAVE_GETTIMEOFDAY 1
| #define HAVE_FTIME 1
| /* end confdefs.h.  */
| 
| /* Override any GCC internal prototype to avoid an error.
|    Use char because int might match the return type of a GCC
|    builtin and then its argument prototype would still apply.  */
| #ifdef __cplusplus
| extern "C"
| #endif
| char timer_create ();
| int
| main ()
| {
| return timer_create ();
|   ;
|   return 0;
| }
configure:18122: g++ -o conftest -g -O2 -std=gnu++11   conftest.cpp -lrt   >&5
configure:18122: $? = 0
configure:18139: result: -lrt
configure:18145: checking for timer_create() usability
configure:18160: g++ -c -g -O2 -std=gnu++11  conftest.cpp >&5
configure:18160: $? = 0
configure:18161: result: yes
configure:18182: checking for srandom
configure:18182: g++ -o conftest -g -O2 -std=gnu++11   conftest.cpp  >&5
configure:18182: $? = 0
configure:18182: result: yes
configure:18182: checking for random
configure:18182: g++ -o conftest -g -O2 -std=gnu++11   conftest.cpp  >&5
configure:18182: $? = 0
configure:18182: result: yes
configure:18194: checking for sigaction
configure:18194: g++ -o conftest -g -O2 -std=gnu++11   conftest.cpp  >&5
configure:18194: $? = 0
configure:18194: result: yes
configure:18203: checking for sigsetjmp and siglongjmp
configure:18216: g++ -c -g -O2 -std=gnu++11  conftest.cpp >&5
configure:18216: $? = 0
configure:18220: result: yes
configure:18231: checking for getrusage
configure:18231: g++ -o conftest -g -O2 -std=gnu++11   conftest.cpp  >&5
configure:18231: $? = 0
configure:18231: result: yes
configure:18231: checking for times
configure:18231: g++ -o conftest -g -O2 -std=gnu++11   conftest.cpp  >&5
configure:18231: $? = 0
configure:18231: result: yes
configure:18231: checking for sysconf
configure:18231: g++ -o conftest -g -O2 -std=gnu++11   conftest.cpp  >&5
configure:18231: $? = 0
configure:18231: result: yes
configure:18244: checking for setenv
configure:18244: g++ -o conftest -g -O2 -std=gnu++11   conftest.cpp  >&5
configure:18244: $? = 0
configure:18244: result: yes
configure:18244: checking for _putenv_s
configure:18244: g++ -o conftest -g -O2 -std=gnu++11   conftest.cpp  >&5
/tmp/ccaISfKW.o: In function `main':
/home/zkb/zkb/xapian-core-1.4.0/conftest.cpp:73: undefined reference to `_putenv_s'
collect2: error: ld returned 1 exit status
configure:18244: $? = 1
configure: failed program was:
| /* confdefs.h */
| #define PACKAGE_NAME "xapian-core"
| #define PACKAGE_TARNAME "xapian-core"
| #define PACKAGE_VERSION "1.4.0"
| #define PACKAGE_STRING "xapian-core 1.4.0"
| #define PACKAGE_BUGREPORT "https://xapian.org/bugs"
| #define PACKAGE_URL ""
| #define PACKAGE "xapian-core"
| #define VERSION "1.4.0"
| #define STDC_HEADERS 1
| #define HAVE_SYS_TYPES_H 1
| #define HAVE_SYS_STAT_H 1
| #define HAVE_STDLIB_H 1
| #define HAVE_STRING_H 1
| #define HAVE_MEMORY_H 1
| #define HAVE_STRINGS_H 1
| #define HAVE_INTTYPES_H 1
| #define HAVE_STDINT_H 1
| #define HAVE_UNISTD_H 1
| #define HAVE_DLFCN_H 1
| #define LT_OBJDIR ".libs/"
| #define HAVE_DECL_LOG2 1
| #define USE_RTTI 1
| #define HAVE_CLOCK_GETTIME 1
| #define HAVE_SLEEP 1
| #define HAVE_NANOSLEEP 1
| #define HAVE_GETTIMEOFDAY 1
| #define HAVE_FTIME 1
| #define HAVE_TIMER_CREATE 1
| #define HAVE_SRANDOM 1
| #define HAVE_RANDOM 1
| #define HAVE_SIGACTION 1
| #define HAVE_SIGSETJMP 1
| #define HAVE_GETRUSAGE 1
| #define HAVE_TIMES 1
| #define HAVE_SYSCONF 1
| #define HAVE_SETENV 1
| /* end confdefs.h.  */
| /* Define _putenv_s to an innocuous variant, in case <limits.h> declares _putenv_s.
|    For example, HP-UX 11i <limits.h> declares gettimeofday.  */
| #define _putenv_s innocuous__putenv_s
| 
| /* System header to define __stub macros and hopefully few prototypes,
|     which can conflict with char _putenv_s (); below.
|     Prefer <limits.h> to <assert.h> if __STDC__ is defined, since
|     <limits.h> exists even on freestanding compilers.  */
| 
| #ifdef __STDC__
| # include <limits.h>
| #else
| # include <assert.h>
| #endif
| 
| #undef _putenv_s
| 
| /* Override any GCC internal prototype to avoid an error.
|    Use char because int might match the return type of a GCC
|    builtin and then its argument prototype would still apply.  */
| #ifdef __cplusplus
| extern "C"
| #endif
| char _putenv_s ();
| /* The GNU C library defines this for functions which it implements
|     to always fail with ENOSYS.  Some functions are actually named
|     something starting with __ and the normal name is an alias.  */
| #if defined __stub__putenv_s || defined __stub____putenv_s
| choke me
| #endif
| 
| int
| main ()
| {
| return _putenv_s ();
|   ;
|   return 0;
| }
configure:18244: result: no
configure:18257: checking for closefrom
configure:18257: g++ -o conftest -g -O2 -std=gnu++11   conftest.cpp  >&5
/tmp/cc2x8RL5.o: In function `main':
/home/zkb/zkb/xapian-core-1.4.0/conftest.cpp:73: undefined reference to `closefrom'
collect2: error: ld returned 1 exit status
configure:18257: $? = 1
configure: failed program was:
| /* confdefs.h */
| #define PACKAGE_NAME "xapian-core"
| #define PACKAGE_TARNAME "xapian-core"
| #define PACKAGE_VERSION "1.4.0"
| #define PACKAGE_STRING "xapian-core 1.4.0"
| #define PACKAGE_BUGREPORT "https://xapian.org/bugs"
| #define PACKAGE_URL ""
| #define PACKAGE "xapian-core"
| #define VERSION "1.4.0"
| #define STDC_HEADERS 1
| #define HAVE_SYS_TYPES_H 1
| #define HAVE_SYS_STAT_H 1
| #define HAVE_STDLIB_H 1
| #define HAVE_STRING_H 1
| #define HAVE_MEMORY_H 1
| #define HAVE_STRINGS_H 1
| #define HAVE_INTTYPES_H 1
| #define HAVE_STDINT_H 1
| #define HAVE_UNISTD_H 1
| #define HAVE_DLFCN_H 1
| #define LT_OBJDIR ".libs/"
| #define HAVE_DECL_LOG2 1
| #define USE_RTTI 1
| #define HAVE_CLOCK_GETTIME 1
| #define HAVE_SLEEP 1
| #define HAVE_NANOSLEEP 1
| #define HAVE_GETTIMEOFDAY 1
| #define HAVE_FTIME 1
| #define HAVE_TIMER_CREATE 1
| #define HAVE_SRANDOM 1
| #define HAVE_RANDOM 1
| #define HAVE_SIGACTION 1
| #define HAVE_SIGSETJMP 1
| #define HAVE_GETRUSAGE 1
| #define HAVE_TIMES 1
| #define HAVE_SYSCONF 1
| #define HAVE_SETENV 1
| /* end confdefs.h.  */
| /* Define closefrom to an innocuous variant, in case <limits.h> declares closefrom.
|    For example, HP-UX 11i <limits.h> declares gettimeofday.  */
| #define closefrom innocuous_closefrom
| 
| /* System header to define __stub macros and hopefully few prototypes,
|     which can conflict with char closefrom (); below.
|     Prefer <limits.h> to <assert.h> if __STDC__ is defined, since
|     <limits.h> exists even on freestanding compilers.  */
| 
| #ifdef __STDC__
| # include <limits.h>
| #else
| # include <assert.h>
| #endif
| 
| #undef closefrom
| 
| /* Override any GCC internal prototype to avoid an error.
|    Use char because int might match the return type of a GCC
|    builtin and then its argument prototype would still apply.  */
| #ifdef __cplusplus
| extern "C"
| #endif
| char closefrom ();
| /* The GNU C library defines this for functions which it implements
|     to always fail with ENOSYS.  Some functions are actually named
|     something starting with __ and the normal name is an alias.  */
| #if defined __stub_closefrom || defined __stub___closefrom
| choke me
| #endif
| 
| int
| main ()
| {
| return closefrom ();
|   ;
|   return 0;
| }
configure:18257: result: no
configure:18257: checking for dirfd
configure:18257: g++ -o conftest -g -O2 -std=gnu++11   conftest.cpp  >&5
configure:18257: $? = 0
configure:18257: result: yes
configure:18257: checking for getrlimit
configure:18257: g++ -o conftest -g -O2 -std=gnu++11   conftest.cpp  >&5
configure:18257: $? = 0
configure:18257: result: yes
configure:18267: checking return type of ftime
configure:18281: g++ -c -g -O2 -std=gnu++11  conftest.cpp >&5
configure:18281: $? = 0
configure:18282: result: int
configure:18296: checking for sys/utsname.h
configure:18296: g++ -c -g -O2 -std=gnu++11  conftest.cpp >&5
configure:18296: $? = 0
configure:18296: result: yes
configure:18309: checking for gethostname
configure:18309: g++ -o conftest -g -O2 -std=gnu++11   conftest.cpp  >&5
configure:18309: $? = 0
configure:18309: result: yes
configure:18319: checking for ssize_t
configure:18319: g++ -c -g -O2 -std=gnu++11  conftest.cpp >&5
configure:18319: $? = 0
configure:18319: g++ -c -g -O2 -std=gnu++11  conftest.cpp >&5
conftest.cpp: In function 'int main()':
conftest.cpp:79:21: error: expected primary-expression before ')' token
 if (sizeof ((ssize_t)))
                     ^
configure:18319: $? = 1
configure: failed program was:
| /* confdefs.h */
| #define PACKAGE_NAME "xapian-core"
| #define PACKAGE_TARNAME "xapian-core"
| #define PACKAGE_VERSION "1.4.0"
| #define PACKAGE_STRING "xapian-core 1.4.0"
| #define PACKAGE_BUGREPORT "https://xapian.org/bugs"
| #define PACKAGE_URL ""
| #define PACKAGE "xapian-core"
| #define VERSION "1.4.0"
| #define STDC_HEADERS 1
| #define HAVE_SYS_TYPES_H 1
| #define HAVE_SYS_STAT_H 1
| #define HAVE_STDLIB_H 1
| #define HAVE_STRING_H 1
| #define HAVE_MEMORY_H 1
| #define HAVE_STRINGS_H 1
| #define HAVE_INTTYPES_H 1
| #define HAVE_STDINT_H 1
| #define HAVE_UNISTD_H 1
| #define HAVE_DLFCN_H 1
| #define LT_OBJDIR ".libs/"
| #define HAVE_DECL_LOG2 1
| #define USE_RTTI 1
| #define HAVE_CLOCK_GETTIME 1
| #define HAVE_SLEEP 1
| #define HAVE_NANOSLEEP 1
| #define HAVE_GETTIMEOFDAY 1
| #define HAVE_FTIME 1
| #define HAVE_TIMER_CREATE 1
| #define HAVE_SRANDOM 1
| #define HAVE_RANDOM 1
| #define HAVE_SIGACTION 1
| #define HAVE_SIGSETJMP 1
| #define HAVE_GETRUSAGE 1
| #define HAVE_TIMES 1
| #define HAVE_SYSCONF 1
| #define HAVE_SETENV 1
| #define HAVE_DIRFD 1
| #define HAVE_GETRLIMIT 1
| #define HAVE_SYS_UTSNAME_H 1
| #define HAVE_GETHOSTNAME 1
| /* end confdefs.h.  */
| #include <stdio.h>
| #ifdef HAVE_SYS_TYPES_H
| # include <sys/types.h>
| #endif
| #ifdef HAVE_SYS_STAT_H
| # include <sys/stat.h>
| #endif
| #ifdef STDC_HEADERS
| # include <stdlib.h>
| # include <stddef.h>
| #else
| # ifdef HAVE_STDLIB_H
| #  include <stdlib.h>
| # endif
| #endif
| #ifdef HAVE_STRING_H
| # if !defined STDC_HEADERS && defined HAVE_MEMORY_H
| #  include <memory.h>
| # endif
| # include <string.h>
| #endif
| #ifdef HAVE_STRINGS_H
| # include <strings.h>
| #endif
| #ifdef HAVE_INTTYPES_H
| # include <inttypes.h>
| #endif
| #ifdef HAVE_STDINT_H
| # include <stdint.h>
| #endif
| #ifdef HAVE_UNISTD_H
| # include <unistd.h>
| #endif
| int
| main ()
| {
| if (sizeof ((ssize_t)))
| 	    return 0;
|   ;
|   return 0;
| }
configure:18319: result: yes
configure:18331: checking for pid_t
configure:18331: g++ -c -g -O2 -std=gnu++11  conftest.cpp >&5
configure:18331: $? = 0
configure:18331: g++ -c -g -O2 -std=gnu++11  conftest.cpp >&5
conftest.cpp: In function 'int main()':
conftest.cpp:79:19: error: expected primary-expression before ')' token
 if (sizeof ((pid_t)))
                   ^
configure:18331: $? = 1
configure: failed program was:
| /* confdefs.h */
| #define PACKAGE_NAME "xapian-core"
| #define PACKAGE_TARNAME "xapian-core"
| #define PACKAGE_VERSION "1.4.0"
| #define PACKAGE_STRING "xapian-core 1.4.0"
| #define PACKAGE_BUGREPORT "https://xapian.org/bugs"
| #define PACKAGE_URL ""
| #define PACKAGE "xapian-core"
| #define VERSION "1.4.0"
| #define STDC_HEADERS 1
| #define HAVE_SYS_TYPES_H 1
| #define HAVE_SYS_STAT_H 1
| #define HAVE_STDLIB_H 1
| #define HAVE_STRING_H 1
| #define HAVE_MEMORY_H 1
| #define HAVE_STRINGS_H 1
| #define HAVE_INTTYPES_H 1
| #define HAVE_STDINT_H 1
| #define HAVE_UNISTD_H 1
| #define HAVE_DLFCN_H 1
| #define LT_OBJDIR ".libs/"
| #define HAVE_DECL_LOG2 1
| #define USE_RTTI 1
| #define HAVE_CLOCK_GETTIME 1
| #define HAVE_SLEEP 1
| #define HAVE_NANOSLEEP 1
| #define HAVE_GETTIMEOFDAY 1
| #define HAVE_FTIME 1
| #define HAVE_TIMER_CREATE 1
| #define HAVE_SRANDOM 1
| #define HAVE_RANDOM 1
| #define HAVE_SIGACTION 1
| #define HAVE_SIGSETJMP 1
| #define HAVE_GETRUSAGE 1
| #define HAVE_TIMES 1
| #define HAVE_SYSCONF 1
| #define HAVE_SETENV 1
| #define HAVE_DIRFD 1
| #define HAVE_GETRLIMIT 1
| #define HAVE_SYS_UTSNAME_H 1
| #define HAVE_GETHOSTNAME 1
| /* end confdefs.h.  */
| #include <stdio.h>
| #ifdef HAVE_SYS_TYPES_H
| # include <sys/types.h>
| #endif
| #ifdef HAVE_SYS_STAT_H
| # include <sys/stat.h>
| #endif
| #ifdef STDC_HEADERS
| # include <stdlib.h>
| # include <stddef.h>
| #else
| # ifdef HAVE_STDLIB_H
| #  include <stdlib.h>
| # endif
| #endif
| #ifdef HAVE_STRING_H
| # if !defined STDC_HEADERS && defined HAVE_MEMORY_H
| #  include <memory.h>
| # endif
| # include <string.h>
| #endif
| #ifdef HAVE_STRINGS_H
| # include <strings.h>
| #endif
| #ifdef HAVE_INTTYPES_H
| # include <inttypes.h>
| #endif
| #ifdef HAVE_STDINT_H
| # include <stdint.h>
| #endif
| #ifdef HAVE_UNISTD_H
| # include <unistd.h>
| #endif
| int
| main ()
| {
| if (sizeof ((pid_t)))
| 	    return 0;
|   ;
|   return 0;
| }
configure:18331: result: yes
configure:18343: checking for mode_t
configure:18343: g++ -c -g -O2 -std=gnu++11  conftest.cpp >&5
configure:18343: $? = 0
configure:18343: g++ -c -g -O2 -std=gnu++11  conftest.cpp >&5
conftest.cpp: In function 'int main()':
conftest.cpp:79:20: error: expected primary-expression before ')' token
 if (sizeof ((mode_t)))
                    ^
configure:18343: $? = 1
configure: failed program was:
| /* confdefs.h */
| #define PACKAGE_NAME "xapian-core"
| #define PACKAGE_TARNAME "xapian-core"
| #define PACKAGE_VERSION "1.4.0"
| #define PACKAGE_STRING "xapian-core 1.4.0"
| #define PACKAGE_BUGREPORT "https://xapian.org/bugs"
| #define PACKAGE_URL ""
| #define PACKAGE "xapian-core"
| #define VERSION "1.4.0"
| #define STDC_HEADERS 1
| #define HAVE_SYS_TYPES_H 1
| #define HAVE_SYS_STAT_H 1
| #define HAVE_STDLIB_H 1
| #define HAVE_STRING_H 1
| #define HAVE_MEMORY_H 1
| #define HAVE_STRINGS_H 1
| #define HAVE_INTTYPES_H 1
| #define HAVE_STDINT_H 1
| #define HAVE_UNISTD_H 1
| #define HAVE_DLFCN_H 1
| #define LT_OBJDIR ".libs/"
| #define HAVE_DECL_LOG2 1
| #define USE_RTTI 1
| #define HAVE_CLOCK_GETTIME 1
| #define HAVE_SLEEP 1
| #define HAVE_NANOSLEEP 1
| #define HAVE_GETTIMEOFDAY 1
| #define HAVE_FTIME 1
| #define HAVE_TIMER_CREATE 1
| #define HAVE_SRANDOM 1
| #define HAVE_RANDOM 1
| #define HAVE_SIGACTION 1
| #define HAVE_SIGSETJMP 1
| #define HAVE_GETRUSAGE 1
| #define HAVE_TIMES 1
| #define HAVE_SYSCONF 1
| #define HAVE_SETENV 1
| #define HAVE_DIRFD 1
| #define HAVE_GETRLIMIT 1
| #define HAVE_SYS_UTSNAME_H 1
| #define HAVE_GETHOSTNAME 1
| /* end confdefs.h.  */
| #include <stdio.h>
| #ifdef HAVE_SYS_TYPES_H
| # include <sys/types.h>
| #endif
| #ifdef HAVE_SYS_STAT_H
| # include <sys/stat.h>
| #endif
| #ifdef STDC_HEADERS
| # include <stdlib.h>
| # include <stddef.h>
| #else
| # ifdef HAVE_STDLIB_H
| #  include <stdlib.h>
| # endif
| #endif
| #ifdef HAVE_STRING_H
| # if !defined STDC_HEADERS && defined HAVE_MEMORY_H
| #  include <memory.h>
| # endif
| # include <string.h>
| #endif
| #ifdef HAVE_STRINGS_H
| # include <strings.h>
| #endif
| #ifdef HAVE_INTTYPES_H
| # include <inttypes.h>
| #endif
| #ifdef HAVE_STDINT_H
| # include <stdint.h>
| #endif
| #ifdef HAVE_UNISTD_H
| # include <unistd.h>
| #endif
| int
| main ()
| {
| if (sizeof ((mode_t)))
| 	    return 0;
|   ;
|   return 0;
| }
configure:18343: result: yes
configure:18359: checking size of short
configure:18364: g++ -o conftest -g -O2 -std=gnu++11   conftest.cpp  >&5
configure:18364: $? = 0
configure:18364: ./conftest
configure:18364: $? = 0
configure:18378: result: 2
configure:18392: checking size of int
configure:18397: g++ -o conftest -g -O2 -std=gnu++11   conftest.cpp  >&5
configure:18397: $? = 0
configure:18397: ./conftest
configure:18397: $? = 0
configure:18411: result: 4
configure:18425: checking size of long
configure:18430: g++ -o conftest -g -O2 -std=gnu++11   conftest.cpp  >&5
configure:18430: $? = 0
configure:18430: ./conftest
configure:18430: $? = 0
configure:18444: result: 8
configure:18458: checking size of long long
configure:18463: g++ -o conftest -g -O2 -std=gnu++11   conftest.cpp  >&5
configure:18463: $? = 0
configure:18463: ./conftest
configure:18463: $? = 0
configure:18477: result: 8
configure:18491: checking for sys/types.h
configure:18491: result: yes
configure:18505: checking size of off_t
configure:18510: g++ -o conftest -g -O2 -std=gnu++11   conftest.cpp  >&5
configure:18510: $? = 0
configure:18510: ./conftest
configure:18510: $? = 0
configure:18524: result: 8
configure:18535: checking for 32 bit integer type
configure:18546: result: int
configure:18549: checking for 64 bit integer type
configure:18560: result: long
configure:18563: checking for unsigned equivalent of off_t
configure:18579: result: unsigned long
configure:18584: checking for perl
configure:18602: found /usr/bin/perl
configure:18614: result: /usr/bin/perl
configure:18897: checking for fcntl.h
configure:18897: g++ -c -g -O2 -std=gnu++11  conftest.cpp >&5
configure:18897: $? = 0
configure:18897: result: yes
configure:18897: checking for limits.h
configure:18897: g++ -c -g -O2 -std=gnu++11  conftest.cpp >&5
configure:18897: $? = 0
configure:18897: result: yes
configure:18897: checking for sys/errno.h
configure:18897: g++ -c -g -O2 -std=gnu++11  conftest.cpp >&5
configure:18897: $? = 0
configure:18897: result: yes
configure:18897: checking for sys/select.h
configure:18897: g++ -c -g -O2 -std=gnu++11  conftest.cpp >&5
configure:18897: $? = 0
configure:18897: result: yes
configure:18910: checking for sys/resource.h
configure:18910: g++ -c -g -O2 -std=gnu++11  conftest.cpp >&5
configure:18910: $? = 0
configure:18910: result: yes
configure:18925: checking for valgrind
configure:18958: result: no
configure:19015: checking for eatmydata
configure:19048: result: no
configure:19055: checking for working memcmp
configure:19098: g++ -o conftest -g -O2 -std=gnu++11   conftest.cpp  >&5
configure:19098: $? = 0
configure:19098: ./conftest
configure:19098: $? = 0
configure:19108: result: yes
configure:19117: checking whether strerror_r is declared
configure:19117: g++ -c -g -O2 -std=gnu++11  conftest.cpp >&5
configure:19117: $? = 0
configure:19117: result: yes
configure:19130: checking for strerror_r
configure:19130: g++ -o conftest -g -O2 -std=gnu++11   conftest.cpp  >&5
configure:19130: $? = 0
configure:19130: result: yes
configure:19139: checking whether strerror_r returns char *
configure:19163: g++ -c -g -O2 -std=gnu++11  conftest.cpp >&5
configure:19163: $? = 0
configure:19201: result: yes
configure:19210: checking for sys_errlist and sys_nerr
configure:19227: g++ -o conftest -g -O2 -std=gnu++11   conftest.cpp  >&5
configure:19227: $? = 0
configure:19236: result: yes
configure:19244: checking for _sys_errlist and _sys_nerr
configure:19261: g++ -o conftest -g -O2 -std=gnu++11   conftest.cpp  >&5
configure:19261: $? = 0
configure:19271: result: yes
configure:19279: checking for working ISO C90 conforming snprintf
configure:19313: g++ -o conftest -g -O2 -std=gnu++11   conftest.cpp  >&5
configure:19313: $? = 0
configure:19313: ./conftest
configure:19313: $? = 0
configure:19328: result: snprintf
configure:19415: checking for zlib.h
configure:19415: g++ -c -g -O2 -std=gnu++11  conftest.cpp >&5
configure:19415: $? = 0
configure:19415: result: yes
configure:19432: checking for library containing zlibVersion
configure:19463: g++ -o conftest -g -O2 -std=gnu++11   conftest.cpp  >&5
/tmp/ccKuXM81.o: In function `main':
/home/zkb/zkb/xapian-core-1.4.0/conftest.cpp:74: undefined reference to `zlibVersion'
collect2: error: ld returned 1 exit status
configure:19463: $? = 1
configure: failed program was:
| /* confdefs.h */
| #define PACKAGE_NAME "xapian-core"
| #define PACKAGE_TARNAME "xapian-core"
| #define PACKAGE_VERSION "1.4.0"
| #define PACKAGE_STRING "xapian-core 1.4.0"
| #define PACKAGE_BUGREPORT "https://xapian.org/bugs"
| #define PACKAGE_URL ""
| #define PACKAGE "xapian-core"
| #define VERSION "1.4.0"
| #define STDC_HEADERS 1
| #define HAVE_SYS_TYPES_H 1
| #define HAVE_SYS_STAT_H 1
| #define HAVE_STDLIB_H 1
| #define HAVE_STRING_H 1
| #define HAVE_MEMORY_H 1
| #define HAVE_STRINGS_H 1
| #define HAVE_INTTYPES_H 1
| #define HAVE_STDINT_H 1
| #define HAVE_UNISTD_H 1
| #define HAVE_DLFCN_H 1
| #define LT_OBJDIR ".libs/"
| #define HAVE_DECL_LOG2 1
| #define USE_RTTI 1
| #define HAVE_CLOCK_GETTIME 1
| #define HAVE_SLEEP 1
| #define HAVE_NANOSLEEP 1
| #define HAVE_GETTIMEOFDAY 1
| #define HAVE_FTIME 1
| #define HAVE_TIMER_CREATE 1
| #define HAVE_SRANDOM 1
| #define HAVE_RANDOM 1
| #define HAVE_SIGACTION 1
| #define HAVE_SIGSETJMP 1
| #define HAVE_GETRUSAGE 1
| #define HAVE_TIMES 1
| #define HAVE_SYSCONF 1
| #define HAVE_SETENV 1
| #define HAVE_DIRFD 1
| #define HAVE_GETRLIMIT 1
| #define HAVE_SYS_UTSNAME_H 1
| #define HAVE_GETHOSTNAME 1
| #define SIZEOF_SHORT 2
| #define SIZEOF_INT 4
| #define SIZEOF_LONG 8
| #define SIZEOF_LONG_LONG 8
| #define HAVE_SYS_TYPES_H 1
| #define SIZEOF_OFF_T 8
| #define UNSIGNED_OFF_T unsigned long
| #define HAVE_FCNTL_H 1
| #define HAVE_LIMITS_H 1
| #define HAVE_SYS_ERRNO_H 1
| #define HAVE_SYS_SELECT_H 1
| #define HAVE_SYS_RESOURCE_H 1
| #define HAVE_DECL_STRERROR_R 1
| #define HAVE_STRERROR_R 1
| #define STRERROR_R_CHAR_P 1
| #define HAVE_SYS_ERRLIST_AND_SYS_NERR 1
| #define HAVE__SYS_ERRLIST_AND__SYS_NERR 1
| #define SNPRINTF_ISO snprintf
| #define SNPRINTF snprintf
| #define HAVE_ZLIB_H 1
| /* end confdefs.h.  */
| 
| /* Override any GCC internal prototype to avoid an error.
|    Use char because int might match the return type of a GCC
|    builtin and then its argument prototype would still apply.  */
| #ifdef __cplusplus
| extern "C"
| #endif
| char zlibVersion ();
| int
| main ()
| {
| return zlibVersion ();
|   ;
|   return 0;
| }
configure:19463: g++ -o conftest -g -O2 -std=gnu++11   conftest.cpp -lz   >&5
configure:19463: $? = 0
configure:19480: result: -lz
configure:19504: checking for uuid/uuid.h
configure:19504: g++ -c -g -O2 -std=gnu++11  conftest.cpp >&5
configure:19504: $? = 0
configure:19504: result: yes
configure:19512: checking for library containing uuid_generate
configure:19543: g++ -o conftest -g -O2 -std=gnu++11   conftest.cpp  >&5
/tmp/ccCsYz3c.o: In function `main':
/home/zkb/zkb/xapian-core-1.4.0/conftest.cpp:75: undefined reference to `uuid_generate'
collect2: error: ld returned 1 exit status
configure:19543: $? = 1
configure: failed program was:
| /* confdefs.h */
| #define PACKAGE_NAME "xapian-core"
| #define PACKAGE_TARNAME "xapian-core"
| #define PACKAGE_VERSION "1.4.0"
| #define PACKAGE_STRING "xapian-core 1.4.0"
| #define PACKAGE_BUGREPORT "https://xapian.org/bugs"
| #define PACKAGE_URL ""
| #define PACKAGE "xapian-core"
| #define VERSION "1.4.0"
| #define STDC_HEADERS 1
| #define HAVE_SYS_TYPES_H 1
| #define HAVE_SYS_STAT_H 1
| #define HAVE_STDLIB_H 1
| #define HAVE_STRING_H 1
| #define HAVE_MEMORY_H 1
| #define HAVE_STRINGS_H 1
| #define HAVE_INTTYPES_H 1
| #define HAVE_STDINT_H 1
| #define HAVE_UNISTD_H 1
| #define HAVE_DLFCN_H 1
| #define LT_OBJDIR ".libs/"
| #define HAVE_DECL_LOG2 1
| #define USE_RTTI 1
| #define HAVE_CLOCK_GETTIME 1
| #define HAVE_SLEEP 1
| #define HAVE_NANOSLEEP 1
| #define HAVE_GETTIMEOFDAY 1
| #define HAVE_FTIME 1
| #define HAVE_TIMER_CREATE 1
| #define HAVE_SRANDOM 1
| #define HAVE_RANDOM 1
| #define HAVE_SIGACTION 1
| #define HAVE_SIGSETJMP 1
| #define HAVE_GETRUSAGE 1
| #define HAVE_TIMES 1
| #define HAVE_SYSCONF 1
| #define HAVE_SETENV 1
| #define HAVE_DIRFD 1
| #define HAVE_GETRLIMIT 1
| #define HAVE_SYS_UTSNAME_H 1
| #define HAVE_GETHOSTNAME 1
| #define SIZEOF_SHORT 2
| #define SIZEOF_INT 4
| #define SIZEOF_LONG 8
| #define SIZEOF_LONG_LONG 8
| #define HAVE_SYS_TYPES_H 1
| #define SIZEOF_OFF_T 8
| #define UNSIGNED_OFF_T unsigned long
| #define HAVE_FCNTL_H 1
| #define HAVE_LIMITS_H 1
| #define HAVE_SYS_ERRNO_H 1
| #define HAVE_SYS_SELECT_H 1
| #define HAVE_SYS_RESOURCE_H 1
| #define HAVE_DECL_STRERROR_R 1
| #define HAVE_STRERROR_R 1
| #define STRERROR_R_CHAR_P 1
| #define HAVE_SYS_ERRLIST_AND_SYS_NERR 1
| #define HAVE__SYS_ERRLIST_AND__SYS_NERR 1
| #define SNPRINTF_ISO snprintf
| #define SNPRINTF snprintf
| #define HAVE_ZLIB_H 1
| #define HAVE_UUID_UUID_H 1
| /* end confdefs.h.  */
| 
| /* Override any GCC internal prototype to avoid an error.
|    Use char because int might match the return type of a GCC
|    builtin and then its argument prototype would still apply.  */
| #ifdef __cplusplus
| extern "C"
| #endif
| char uuid_generate ();
| int
| main ()
| {
| return uuid_generate ();
|   ;
|   return 0;
| }
configure:19543: g++ -o conftest -g -O2 -std=gnu++11   conftest.cpp -luuid   >&5
configure:19543: $? = 0
configure:19560: result: -luuid
configure:19631: g++ -o conftest -g -O2 -std=gnu++11   conftest.cpp -luuid  >&5
configure:19631: $? = 0
configure:19662: g++ -E  conftest.cpp
configure:19662: $? = 0
configure:19689: checking for fork
configure:19689: g++ -o conftest -g -O2 -std=gnu++11   conftest.cpp  >&5
configure:19689: $? = 0
configure:19689: result: yes
configure:19702: checking for library containing socketpair
configure:19733: g++ -o conftest -g -O2 -std=gnu++11   conftest.cpp  >&5
configure:19733: $? = 0
configure:19750: result: none required
configure:19765: checking for library containing getaddrinfo
configure:19796: g++ -o conftest -g -O2 -std=gnu++11   conftest.cpp  >&5
configure:19796: $? = 0
configure:19813: result: none required
configure:19825: checking for library containing inet_ntop
configure:19856: g++ -o conftest -g -O2 -std=gnu++11   conftest.cpp  >&5
configure:19856: $? = 0
configure:19873: result: none required
configure:19892: checking for type to use for 5th parameter to getsockopt
configure:19920: g++ -c -g -O2 -std=gnu++11  conftest.cpp >&5
configure:19920: $? = 0
configure:19936: result: socklen_t
configure:20029: checking whether fdatasync is declared
configure:20029: g++ -c -g -O2 -std=gnu++11  conftest.cpp >&5
configure:20029: $? = 0
configure:20029: result: yes
configure:20035: checking for library containing fdatasync
configure:20066: g++ -o conftest -g -O2 -std=gnu++11   conftest.cpp  >&5
configure:20066: $? = 0
configure:20083: result: none required
configure:20094: checking for fdatasync
configure:20094: g++ -o conftest -g -O2 -std=gnu++11   conftest.cpp  >&5
configure:20094: $? = 0
configure:20094: result: yes
configure:20111: checking for fsync
configure:20111: g++ -o conftest -g -O2 -std=gnu++11   conftest.cpp  >&5
configure:20111: $? = 0
configure:20111: result: yes
configure:20122: checking for posix_fadvise
configure:20122: g++ -o conftest -g -O2 -std=gnu++11   conftest.cpp  >&5
configure:20122: $? = 0
configure:20122: result: yes
configure:20133: checking for ftruncate
configure:20133: g++ -o conftest -g -O2 -std=gnu++11   conftest.cpp  >&5
configure:20133: $? = 0
configure:20133: result: yes
configure:20155: checking for pread
configure:20155: g++ -o conftest -g -O2 -std=gnu++11   conftest.cpp  >&5
configure:20155: $? = 0
configure:20155: result: yes
configure:20160: checking for any prototype needed for pread
configure:20187: g++ -c -g -O2 -std=gnu++11  conftest.cpp >&5
configure:20187: $? = 0
configure:20204: result: none required
configure:20218: checking for pwrite
configure:20218: g++ -o conftest -g -O2 -std=gnu++11   conftest.cpp  >&5
configure:20218: $? = 0
configure:20218: result: yes
configure:20223: checking for any prototype needed for pwrite
configure:20250: g++ -c -g -O2 -std=gnu++11  conftest.cpp >&5
configure:20250: $? = 0
configure:20267: result: none required
configure:20286: checking for link
configure:20286: g++ -o conftest -g -O2 -std=gnu++11   conftest.cpp  >&5
configure:20286: $? = 0
configure:20286: result: yes
configure:20345: checking for version of g++
configure:20348: result: GCC 4.8.5
configure:20382: checking if g++ -fvisibility=hidden works
configure:20385: result: yes
configure:20428: checking for g++ -Wl,-Bsymbolic-functions
configure:20448: g++ -o conftest -g -O2 -std=gnu++11   -Wl,-Bsymbolic-functions conftest.cpp  >&5
configure:20448: $? = 0
configure:20461: result: yes
configure:20466: checking whether to use SSE instructions on x86
configure:20509: result: non-x86 arch (x86_64)
configure:20660: checking that generated files are newer than configure
configure:20666: result: done
configure:20742: creating ./config.status

## ---------------------- ##
## Running config.status. ##
## ---------------------- ##

This file was extended by xapian-core config.status 1.4.0, which was
generated by GNU Autoconf 2.69.  Invocation command line was

  CONFIG_FILES    = 
  CONFIG_HEADERS  = 
  CONFIG_LINKS    = 
  CONFIG_COMMANDS = 
  $ ./config.status 

on localhost.localdomain

config.status:1263: creating Makefile
config.status:1263: creating tests/Makefile
config.status:1263: creating docs/Makefile
config.status:1263: creating docs/doxygen_api.conf
config.status:1263: creating docs/doxygen_source.conf
config.status:1263: creating xapian-core.spec
config.status:1263: creating cmake/xapian-config.cmake
config.status:1263: creating cmake/xapian-config-version.cmake
config.status:1263: creating pkgconfig/xapian-core.pc
config.status:1263: creating tests/runtest
config.status:1263: creating tests/runsrv
config.status:1263: creating tests/submitperftest
config.status:1263: creating tests/perftest/get_machine_info
config.status:1263: creating xapian-config
config.status:1263: creating makemanpage
config.status:1263: creating config.h
config.status:1444: config.h is unchanged
config.status:1492: executing depfiles commands
config.status:1492: executing libtool commands
configure:23215: g++ -c -g -O2 -std=gnu++11  conftest.cpp >&5
configure:23215: $? = 0

## ---------------- ##
## Cache variables. ##
## ---------------- ##

ac_cv__sys_errlist_and__sys_nerr=yes
ac_cv_build=x86_64-pc-linux-gnu
ac_cv_c_bigendian=no
ac_cv_c_compiler_gnu=yes
ac_cv_cxx_compiler_gnu=yes
ac_cv_env_CCC_set=
ac_cv_env_CCC_value=
ac_cv_env_CC_FOR_BUILD_set=
ac_cv_env_CC_FOR_BUILD_value=
ac_cv_env_CC_set=
ac_cv_env_CC_value=
ac_cv_env_CFLAGS_set=
ac_cv_env_CFLAGS_value=
ac_cv_env_CPPFLAGS_set=
ac_cv_env_CPPFLAGS_value=
ac_cv_env_CPP_set=
ac_cv_env_CPP_value=
ac_cv_env_CXXCPP_set=
ac_cv_env_CXXCPP_value=
ac_cv_env_CXXFLAGS_set=
ac_cv_env_CXXFLAGS_value=
ac_cv_env_CXX_set=
ac_cv_env_CXX_value=
ac_cv_env_LDFLAGS_set=
ac_cv_env_LDFLAGS_value=
ac_cv_env_LIBS_set=
ac_cv_env_LIBS_value=
ac_cv_env_LT_SYS_LIBRARY_PATH_set=
ac_cv_env_LT_SYS_LIBRARY_PATH_value=
ac_cv_env_build_alias_set=
ac_cv_env_build_alias_value=
ac_cv_env_host_alias_set=
ac_cv_env_host_alias_value=
ac_cv_env_target_alias_set=
ac_cv_env_target_alias_value=
ac_cv_func__putenv_s=no
ac_cv_func_clock_gettime=yes
ac_cv_func_closefrom=no
ac_cv_func_dirfd=yes
ac_cv_func_fdatasync=yes
ac_cv_func_fork=yes
ac_cv_func_fsync=yes
ac_cv_func_ftime=yes
ac_cv_func_ftruncate=yes
ac_cv_func_gethostname=yes
ac_cv_func_getrlimit=yes
ac_cv_func_getrusage=yes
ac_cv_func_gettimeofday=yes
ac_cv_func_link=yes
ac_cv_func_memcmp_working=yes
ac_cv_func_nanosleep=yes
ac_cv_func_posix_fadvise=yes
ac_cv_func_pread=yes
ac_cv_func_pwrite=yes
ac_cv_func_random=yes
ac_cv_func_setenv=yes
ac_cv_func_sigaction=yes
ac_cv_func_sleep=yes
ac_cv_func_snprintf=snprintf
ac_cv_func_snprintf_noniso=no
ac_cv_func_srandom=yes
ac_cv_func_strerror_r=yes
ac_cv_func_strerror_r_char_p=yes
ac_cv_func_sysconf=yes
ac_cv_func_times=yes
ac_cv_have_decl_fdatasync_int_=yes
ac_cv_have_decl_log2=yes
ac_cv_have_decl_strerror_r=yes
ac_cv_header_dlfcn_h=yes
ac_cv_header_fcntl_h=yes
ac_cv_header_inttypes_h=yes
ac_cv_header_limits_h=yes
ac_cv_header_memory_h=yes
ac_cv_header_stdc=yes
ac_cv_header_stdint_h=yes
ac_cv_header_stdlib_h=yes
ac_cv_header_string_h=yes
ac_cv_header_strings_h=yes
ac_cv_header_sys_errno_h=yes
ac_cv_header_sys_resource_h=yes
ac_cv_header_sys_select_h=yes
ac_cv_header_sys_stat_h=yes
ac_cv_header_sys_types_h=yes
ac_cv_header_sys_utsname_h=yes
ac_cv_header_unistd_h=yes
ac_cv_header_uuid_uuid_h=yes
ac_cv_header_zlib_h=yes
ac_cv_host=x86_64-pc-linux-gnu
ac_cv_objext=o
ac_cv_path_EGREP='/usr/bin/grep -E'
ac_cv_path_FGREP='/usr/bin/grep -F'
ac_cv_path_GREP=/usr/bin/grep
ac_cv_path_PERL=/usr/bin/perl
ac_cv_path_SED=/usr/bin/sed
ac_cv_path_install='/usr/bin/install -c'
ac_cv_path_lt_DD=/usr/bin/dd
ac_cv_path_mkdir=/usr/bin/mkdir
ac_cv_prog_AWK=gawk
ac_cv_prog_CPP='gcc -E'
ac_cv_prog_CXXCPP='g++ -E'
ac_cv_prog_ac_ct_AR=ar
ac_cv_prog_ac_ct_CC=gcc
ac_cv_prog_ac_ct_CXX=g++
ac_cv_prog_ac_ct_OBJDUMP=objdump
ac_cv_prog_ac_ct_RANLIB=ranlib
ac_cv_prog_ac_ct_STRIP=strip
ac_cv_prog_cc_c89=
ac_cv_prog_cc_g=yes
ac_cv_prog_cxx_g=yes
ac_cv_prog_make_make_set=yes
ac_cv_search_fdatasync='none required'
ac_cv_search_getaddrinfo='none required'
ac_cv_search_inet_ntop='none required'
ac_cv_search_socketpair='none required'
ac_cv_search_timer_create=-lrt
ac_cv_search_uuid_generate=-luuid
ac_cv_search_zlibVersion=-lz
ac_cv_sizeof_int=4
ac_cv_sizeof_long=8
ac_cv_sizeof_long_long=8
ac_cv_sizeof_off_t=8
ac_cv_sizeof_short=2
ac_cv_sys_errlist_and_sys_nerr=yes
ac_cv_sys_file_offset_bits=no
ac_cv_sys_largefile_CC=no
ac_cv_type_mode_t=yes
ac_cv_type_pid_t=yes
ac_cv_type_ssize_t=yes
am_cv_CC_dependencies_compiler_type=gcc3
am_cv_CXX_dependencies_compiler_type=gcc3
am_cv_make_support_nested_variables=yes
am_cv_prog_tar_ustar=gnutar
ax_cv_cxx_compile_cxx11=no
ax_cv_cxx_compile_cxx11__std_gnupp11=yes
lt_cv_ar_at_file=@
lt_cv_archive_cmds_need_lc=no
lt_cv_deplibs_check_method=pass_all
lt_cv_file_magic_cmd='$MAGIC_CMD'
lt_cv_file_magic_test_file=
lt_cv_ld_reload_flag=-r
lt_cv_nm_interface='BSD nm'
lt_cv_objdir=.libs
lt_cv_path_LD=/usr/bin/ld
lt_cv_path_LDCXX='/usr/bin/ld -m elf_x86_64'
lt_cv_path_NM='/usr/bin/nm -B'
lt_cv_path_mainfest_tool=no
lt_cv_prog_compiler_c_o=yes
lt_cv_prog_compiler_c_o_CXX=yes
lt_cv_prog_compiler_pic='-fPIC -DPIC'
lt_cv_prog_compiler_pic_CXX='-fPIC -DPIC'
lt_cv_prog_compiler_pic_works=yes
lt_cv_prog_compiler_pic_works_CXX=yes
lt_cv_prog_compiler_rtti_exceptions=no
lt_cv_prog_compiler_static_works=no
lt_cv_prog_compiler_static_works_CXX=no
lt_cv_prog_gnu_ld=yes
lt_cv_prog_gnu_ldcxx=yes
lt_cv_sharedlib_from_linklib_cmd='printf %s\n'
lt_cv_shlibpath_overrides_runpath=no
lt_cv_sys_global_symbol_pipe='sed -n -e '\''s/^.*[	 ]\([ABCDGIRSTW][ABCDGIRSTW]*\)[	 ][	 ]*\([_A-Za-z][_A-Za-z0-9]*\)$/\1 \2 \2/p'\'' | sed '\''/ __gnu_lto/d'\'''
lt_cv_sys_global_symbol_to_c_name_address='sed -n -e '\''s/^: \(.*\) .*$/  {"\1", (void *) 0},/p'\'' -e '\''s/^[ABCDGIRSTW][ABCDGIRSTW]* .* \(.*\)$/  {"\1", (void *) \&\1},/p'\'''
lt_cv_sys_global_symbol_to_c_name_address_lib_prefix='sed -n -e '\''s/^: \(.*\) .*$/  {"\1", (void *) 0},/p'\'' -e '\''s/^[ABCDGIRSTW][ABCDGIRSTW]* .* \(lib.*\)$/  {"\1", (void *) \&\1},/p'\'' -e '\''s/^[ABCDGIRSTW][ABCDGIRSTW]* .* \(.*\)$/  {"lib\1", (void *) \&\1},/p'\'''
lt_cv_sys_global_symbol_to_cdecl='sed -n -e '\''s/^T .* \(.*\)$/extern int \1();/p'\'' -e '\''s/^[ABCDGIRSTW][ABCDGIRSTW]* .* \(.*\)$/extern char \1;/p'\'''
lt_cv_sys_global_symbol_to_import=
lt_cv_sys_max_cmd_len=1572864
lt_cv_to_host_file_cmd=func_convert_file_noop
lt_cv_to_tool_file_cmd=func_convert_file_noop
lt_cv_truncate_bin='/usr/bin/dd bs=4096 count=1'
xo_cv_cxx_works=yes
xo_cv_ldflag_symbolic_functions=yes
xo_cv_pread_prototype=' '
xo_cv_pwrite_prototype=' '
xo_cv_socklen_t_equiv=socklen_t

## ----------------- ##
## Output variables. ##
## ----------------- ##

ACLOCAL='${SHELL} /home/zkb/zkb/xapian-core-1.4.0/missing aclocal-1.13 '
AMDEPBACKSLASH='\'
AMDEP_FALSE='#'
AMDEP_TRUE=''
AMTAR='$${TAR-tar}'
AM_BACKSLASH='\'
AM_CXXFLAGS=' -fshow-column -Wall -W -Wredundant-decls -Wpointer-arith -Wcast-qual -Wcast-align -Wno-long-long -Wformat-security -fno-gnu-keywords -Wundef -Woverloaded-virtual -Wstrict-null-sentinel -Wshadow -Wstrict-overflow=1 -Wlogical-op -Wmissing-declarations -Wdouble-promotion -Winit-self -fvisibility=hidden'
AM_DEFAULT_V='$(AM_DEFAULT_VERBOSITY)'
AM_DEFAULT_VERBOSITY='1'
AM_V='$(V)'
AR='ar'
AUTOCONF='${SHELL} /home/zkb/zkb/xapian-core-1.4.0/missing autoconf'
AUTOHEADER='${SHELL} /home/zkb/zkb/xapian-core-1.4.0/missing autoheader'
AUTOM4TE='autom4te'
AUTOMAKE='${SHELL} /home/zkb/zkb/xapian-core-1.4.0/missing automake-1.13'
AWK='gawk'
BUILD_BACKEND_CHERT_FALSE='#'
BUILD_BACKEND_CHERT_OR_GLASS_FALSE='#'
BUILD_BACKEND_CHERT_OR_GLASS_TRUE=''
BUILD_BACKEND_CHERT_TRUE=''
BUILD_BACKEND_GLASS_FALSE='#'
BUILD_BACKEND_GLASS_TRUE=''
BUILD_BACKEND_INMEMORY_FALSE='#'
BUILD_BACKEND_INMEMORY_TRUE=''
BUILD_BACKEND_REMOTE_FALSE='#'
BUILD_BACKEND_REMOTE_TRUE=''
CC='gcc'
CCDEPMODE='depmode=gcc3'
CC_FOR_BUILD='gcc'
CFLAGS='-g -O2'
CPP='gcc -E'
CPPFLAGS=''
CXX='g++'
CXXCPP='g++ -E'
CXXDEPMODE='depmode=gcc3'
CXXFLAGS='-g -O2 -std=gnu++11'
CYGPATH_W='echo'
DEFS='-DHAVE_CONFIG_H'
DEPDIR='.deps'
DLLTOOL='false'
DOCUMENTATION_RULES_FALSE=''
DOCUMENTATION_RULES_TRUE='#'
DOT=''
DOXYGEN=''
DOXYGEN_DOT_PATH=''
DSYMUTIL=''
DUMPBIN=''
EATMYDATA=''
ECHO_C=''
ECHO_N='-n'
ECHO_T=''
EGREP='/usr/bin/grep -E'
EXEEXT=''
FGREP='/usr/bin/grep -F'
FP_EXCESS_PRECISION='no'
GREP='/usr/bin/grep'
HAVE_CXX11=''
HELP2MAN=''
INSTALL_DATA='${INSTALL} -m 644'
INSTALL_PROGRAM='${INSTALL}'
INSTALL_SCRIPT='${INSTALL}'
INSTALL_STRIP_PROGRAM='$(install_sh) -c -s'
LD='/usr/bin/ld -m elf_x86_64'
LDFLAGS=''
LIBOBJS=''
LIBRARY_VERSION_INFO='30:0:0'
LIBRARY_VERSION_SUFFIX=''
LIBS=''
LIBTOOL='$(SHELL) $(top_builddir)/libtool'
LIPO=''
LN_S='ln -s'
LTLIBOBJS=''
LT_SYS_LIBRARY_PATH=''
MAINT='#'
MAINTAINER_MODE_FALSE=''
MAINTAINER_MODE_TRUE='#'
MAINTAINER_NO_DOCS_FALSE=''
MAINTAINER_NO_DOCS_TRUE='#'
MAKEINFO='${SHELL} /home/zkb/zkb/xapian-core-1.4.0/missing makeinfo'
MANIFEST_TOOL=':'
MKDIR_P='/usr/bin/mkdir -p'
NM='/usr/bin/nm -B'
NMEDIT=''
NO_INSTALL='-no-install'
NO_UNDEFINED=''
OBJDUMP='objdump'
OBJEXT='o'
OTOOL64=''
OTOOL=''
PACKAGE='xapian-core'
PACKAGE_BUGREPORT='https://xapian.org/bugs'
PACKAGE_NAME='xapian-core'
PACKAGE_STRING='xapian-core 1.4.0'
PACKAGE_TARNAME='xapian-core'
PACKAGE_URL=''
PACKAGE_VERSION='1.4.0'
PATH_SEPARATOR=':'
PERCENT='%'
PERL='/usr/bin/perl'
PNGCRUSH=''
RANLIB='ranlib'
RST2HTML=''
SED='/usr/bin/sed'
SET_MAKE=''
SHELL='/bin/sh'
SHLIBEXT='.so'
STRIP='strip'
USE_WIN32_UUID_API_FALSE=''
USE_WIN32_UUID_API_TRUE='#'
USE_ZLIB_VG_FALSE=''
USE_ZLIB_VG_TRUE='#'
VALGRIND=''
VERSION='1.4.0'
VPATH_BUILD_FALSE=''
VPATH_BUILD_TRUE='#'
XAPIAN_LDFLAGS=' -Bsymbolic-functions'
XAPIAN_LIBS=' -lrt   -lz  -luuid  '
abi_affecting_cxxflags=''
ac_ct_AR='ar'
ac_ct_CC='gcc'
ac_ct_CXX='g++'
ac_ct_DUMPBIN=''
am__EXEEXT_FALSE=''
am__EXEEXT_TRUE='#'
am__fastdepCC_FALSE='#'
am__fastdepCC_TRUE=''
am__fastdepCXX_FALSE='#'
am__fastdepCXX_TRUE=''
am__include='include'
am__isrc=''
am__leading_dot='.'
am__nodep='_no'
am__quote=''
am__tar='tar --format=ustar -chf - "$$tardir"'
am__untar='tar -xf -'
bindir='${exec_prefix}/bin'
build='x86_64-pc-linux-gnu'
build_alias=''
build_cpu='x86_64'
build_os='linux-gnu'
build_vendor='pc'
datadir='${datarootdir}'
datarootdir='${prefix}/share'
docdir='${datarootdir}/doc/${PACKAGE_TARNAME}'
dvidir='${docdir}'
exec_prefix='${prefix}'
host='x86_64-pc-linux-gnu'
host_alias=''
host_cpu='x86_64'
host_os='linux-gnu'
host_vendor='pc'
htmldir='${docdir}'
incdir='${prefix}/include'
includedir='${prefix}/include'
infodir='${datarootdir}/info'
install_sh='${SHELL} /home/zkb/zkb/xapian-core-1.4.0/install-sh'
ldflags=''
libdir='${exec_prefix}/lib'
libexecdir='${exec_prefix}/libexec'
link_all_deplibs_CXX='no'
localedir='${datarootdir}/locale'
localstatedir='${prefix}/var'
mandir='${datarootdir}/man'
mkdir_p='$(MKDIR_P)'
oldincludedir='/usr/include'
pdfdir='${docdir}'
prefix='/usr/local'
program_transform_name='s&$$&&'
psdir='${docdir}'
sbindir='${exec_prefix}/sbin'
sharedstatedir='${prefix}/com'
sysconfdir='${prefix}/etc'
target_alias=''

## ----------- ##
## confdefs.h. ##
## ----------- ##

/* confdefs.h */
#define PACKAGE_NAME "xapian-core"
#define PACKAGE_TARNAME "xapian-core"
#define PACKAGE_VERSION "1.4.0"
#define PACKAGE_STRING "xapian-core 1.4.0"
#define PACKAGE_BUGREPORT "https://xapian.org/bugs"
#define PACKAGE_URL ""
#define PACKAGE "xapian-core"
#define VERSION "1.4.0"
#define STDC_HEADERS 1
#define HAVE_SYS_TYPES_H 1
#define HAVE_SYS_STAT_H 1
#define HAVE_STDLIB_H 1
#define HAVE_STRING_H 1
#define HAVE_MEMORY_H 1
#define HAVE_STRINGS_H 1
#define HAVE_INTTYPES_H 1
#define HAVE_STDINT_H 1
#define HAVE_UNISTD_H 1
#define HAVE_DLFCN_H 1
#define LT_OBJDIR ".libs/"
#define HAVE_DECL_LOG2 1
#define USE_RTTI 1
#define HAVE_CLOCK_GETTIME 1
#define HAVE_SLEEP 1
#define HAVE_NANOSLEEP 1
#define HAVE_GETTIMEOFDAY 1
#define HAVE_FTIME 1
#define HAVE_TIMER_CREATE 1
#define HAVE_SRANDOM 1
#define HAVE_RANDOM 1
#define HAVE_SIGACTION 1
#define HAVE_SIGSETJMP 1
#define HAVE_GETRUSAGE 1
#define HAVE_TIMES 1
#define HAVE_SYSCONF 1
#define HAVE_SETENV 1
#define HAVE_DIRFD 1
#define HAVE_GETRLIMIT 1
#define HAVE_SYS_UTSNAME_H 1
#define HAVE_GETHOSTNAME 1
#define SIZEOF_SHORT 2
#define SIZEOF_INT 4
#define SIZEOF_LONG 8
#define SIZEOF_LONG_LONG 8
#define HAVE_SYS_TYPES_H 1
#define SIZEOF_OFF_T 8
#define UNSIGNED_OFF_T unsigned long
#define HAVE_FCNTL_H 1
#define HAVE_LIMITS_H 1
#define HAVE_SYS_ERRNO_H 1
#define HAVE_SYS_SELECT_H 1
#define HAVE_SYS_RESOURCE_H 1
#define HAVE_DECL_STRERROR_R 1
#define HAVE_STRERROR_R 1
#define STRERROR_R_CHAR_P 1
#define HAVE_SYS_ERRLIST_AND_SYS_NERR 1
#define HAVE__SYS_ERRLIST_AND__SYS_NERR 1
#define SNPRINTF_ISO snprintf
#define SNPRINTF snprintf
#define HAVE_ZLIB_H 1
#define HAVE_UUID_UUID_H 1
#define HAVE_UUID_UNPARSE_LOWER 1
#define HAVE_FORK 1
#define HAVE_SOCKETPAIR 1
#define SOCKLEN_T socklen_t
#define HAVE_FDATASYNC 1
#define HAVE_FSYNC 1
#define HAVE_POSIX_FADVISE 1
#define HAVE_FTRUNCATE 1
#define HAVE_PREAD 1
#define HAVE_PWRITE 1
#define HAVE_LINK 1

configure: exit 0
